#
# There is insufficient memory for the Java Runtime Environment to continue.
# Native memory allocation (malloc) failed to allocate 32744 bytes. Error detail: ChunkPool::allocate
# Possible reasons:
#   The system is out of physical RAM or swap space
#   This process is running with CompressedOops enabled, and the Java Heap may be blocking the growth of the native heap
# Possible solutions:
#   Reduce memory load on the system
#   Increase physical memory or swap space
#   Check if swap backing store is full
#   Decrease Java heap size (-Xmx/-Xms)
#   Decrease number of Java threads
#   Decrease Java thread stack sizes (-Xss)
#   Set larger code cache with -XX:ReservedCodeCacheSize=
#   JVM is running with Unscaled Compressed Oops mode in which the Java heap is
#     placed in the first 4GB address space. The Java Heap base address is the
#     maximum limit for the native heap growth. Please use -XX:HeapBaseMinAddress
#     to set the Java Heap base and to place the Java Heap above 4GB virtual address.
# This output file may be truncated or incomplete.
#
#  Out of Memory Error (arena.cpp:79), pid=14388, tid=17236
#
# JRE version: OpenJDK Runtime Environment Microsoft-10376486 (17.0.13+11) (build 17.0.13+11-LTS)
# Java VM: OpenJDK 64-Bit Server VM Microsoft-10376486 (17.0.13+11-LTS, mixed mode, sharing, tiered, compressed oops, compressed class ptrs, g1 gc, windows-amd64)
# No core dump will be written. Minidumps are not enabled by default on client versions of Windows
#

---------------  S U M M A R Y ------------

Command Line: -Xmx64m -Xms64m -Dorg.gradle.appname=gradlew org.gradle.wrapper.GradleWrapperMain app:installDebug -PreactNativeDevServerPort=8081

Host: Intel(R) Core(TM) i7-8650U CPU @ 1.90GHz, 8 cores, 15G,  Windows 11 , 64 bit Build 22621 (10.0.22621.4391)
Time: Mon Jan  6 13:00:01 2025 Pakistan Standard Time elapsed time: 38.514419 seconds (0d 0h 0m 38s)

---------------  T H R E A D  ---------------

Current thread (0x000001a23622af20):  JavaThread "C1 CompilerThread0" daemon [_thread_in_native, id=17236, stack(0x0000007a57000000,0x0000007a57100000)]


Current CompileTask:
C1:  38514 1694       3       org.gradle.internal.logging.console.WorkInProgressRenderer::renderNow (351 bytes)

Stack: [0x0000007a57000000,0x0000007a57100000]
Native frames: (J=compiled Java code, j=interpreted, Vv=VM code, C=native code)
V  [jvm.dll+0x687fc9]
V  [jvm.dll+0x83eeb8]
V  [jvm.dll+0x840963]
V  [jvm.dll+0x840fd3]
V  [jvm.dll+0x24951f]
V  [jvm.dll+0xad2cc]
V  [jvm.dll+0xad75c]
V  [jvm.dll+0x17d07d]
V  [jvm.dll+0x17f137]
V  [jvm.dll+0x17cf35]
V  [jvm.dll+0x1779ae]
V  [jvm.dll+0x180d2b]
V  [jvm.dll+0x178b68]
V  [jvm.dll+0x17bf6f]
V  [jvm.dll+0x1367f3]
V  [jvm.dll+0x1360bf]
V  [jvm.dll+0x136308]
V  [jvm.dll+0x135771]
V  [jvm.dll+0x13746d]
V  [jvm.dll+0x22a1ca]
V  [jvm.dll+0x22830b]
V  [jvm.dll+0x7f4708]
V  [jvm.dll+0x7eea6c]
V  [jvm.dll+0x686ea7]
C  [ucrtbase.dll+0x29333]
C  [KERNEL32.DLL+0x1259d]
C  [ntdll.dll+0x5af38]


---------------  P R O C E S S  ---------------

Threads class SMR info:
_java_thread_list=0x000001a236358170, length=13, elements={
0x000001a21c7d0d80, 0x000001a21c878bb0, 0x000001a21c87a780, 0x000001a2361ef1a0,
0x000001a2361f1c70, 0x000001a2361f2840, 0x000001a2361fba30, 0x000001a2362289f0,
0x000001a23622af20, 0x000001a23622b940, 0x000001a236356e00, 0x000001a23635cdb0,
0x000001a27c57e520
}

Java Threads: ( => current thread )
  0x000001a21c7d0d80 JavaThread "main" [_thread_in_native, id=18612, stack(0x0000007a56200000,0x0000007a56300000)]
  0x000001a21c878bb0 JavaThread "Reference Handler" daemon [_thread_blocked, id=10900, stack(0x0000007a56900000,0x0000007a56a00000)]
  0x000001a21c87a780 JavaThread "Finalizer" daemon [_thread_blocked, id=17244, stack(0x0000007a56a00000,0x0000007a56b00000)]
  0x000001a2361ef1a0 JavaThread "Signal Dispatcher" daemon [_thread_blocked, id=6592, stack(0x0000007a56b00000,0x0000007a56c00000)]
  0x000001a2361f1c70 JavaThread "Attach Listener" daemon [_thread_blocked, id=12868, stack(0x0000007a56c00000,0x0000007a56d00000)]
  0x000001a2361f2840 JavaThread "Service Thread" daemon [_thread_blocked, id=8588, stack(0x0000007a56d00000,0x0000007a56e00000)]
  0x000001a2361fba30 JavaThread "Monitor Deflation Thread" daemon [_thread_blocked, id=2932, stack(0x0000007a56e00000,0x0000007a56f00000)]
  0x000001a2362289f0 JavaThread "C2 CompilerThread0" daemon [_thread_blocked, id=11440, stack(0x0000007a56f00000,0x0000007a57000000)]
=>0x000001a23622af20 JavaThread "C1 CompilerThread0" daemon [_thread_in_native, id=17236, stack(0x0000007a57000000,0x0000007a57100000)]
  0x000001a23622b940 JavaThread "Sweeper thread" daemon [_thread_blocked, id=19324, stack(0x0000007a57100000,0x0000007a57200000)]
  0x000001a236356e00 JavaThread "Notification Thread" daemon [_thread_blocked, id=13032, stack(0x0000007a57200000,0x0000007a57300000)]
  0x000001a23635cdb0 JavaThread "Common-Cleaner" daemon [_thread_blocked, id=8680, stack(0x0000007a57400000,0x0000007a57500000)]
  0x000001a27c57e520 JavaThread "pool-1-thread-1" [_thread_in_Java, id=10668, stack(0x0000007a57a00000,0x0000007a57b00000)]

Other Threads:
  0x000001a21c873ce0 VMThread "VM Thread" [stack: 0x0000007a56800000,0x0000007a56900000] [id=10964]
  0x000001a236358700 WatcherThread [stack: 0x0000007a57300000,0x0000007a57400000] [id=14852]
  0x000001a21c7f04d0 GCTaskThread "GC Thread#0" [stack: 0x0000007a56300000,0x0000007a56400000] [id=14220]
  0x000001a2365e9940 GCTaskThread "GC Thread#1" [stack: 0x0000007a57700000,0x0000007a57800000] [id=11600]
  0x000001a236b15570 GCTaskThread "GC Thread#2" [stack: 0x0000007a57800000,0x0000007a57900000] [id=15632]
  0x000001a236987730 GCTaskThread "GC Thread#3" [stack: 0x0000007a57900000,0x0000007a57a00000] [id=5664]
  0x000001a27c7e1f00 GCTaskThread "GC Thread#4" [stack: 0x0000007a57500000,0x0000007a57600000] [id=9796]
  0x000001a27c635000 GCTaskThread "GC Thread#5" [stack: 0x0000007a57600000,0x0000007a57700000] [id=15668]
  0x000001a27c36db30 GCTaskThread "GC Thread#6" [stack: 0x0000007a57b00000,0x0000007a57c00000] [id=11412]
  0x000001a21c7f1c20 ConcurrentGCThread "G1 Main Marker" [stack: 0x0000007a56400000,0x0000007a56500000] [id=18064]
  0x000001a21c7f2640 ConcurrentGCThread "G1 Conc#0" [stack: 0x0000007a56500000,0x0000007a56600000] [id=4424]
  0x000001a21c857e50 ConcurrentGCThread "G1 Refine#0" [stack: 0x0000007a56600000,0x0000007a56700000] [id=17864]
  0x000001a21c858880 ConcurrentGCThread "G1 Service" [stack: 0x0000007a56700000,0x0000007a56800000] [id=12436]

Threads with active compile tasks:
C1 CompilerThread0    38571 1694       3       org.gradle.internal.logging.console.WorkInProgressRenderer::renderNow (351 bytes)

VM state: not at safepoint (normal execution)

VM Mutex/Monitor currently owned by a thread: None

Heap address: 0x00000000fc000000, size: 64 MB, Compressed Oops mode: 32-bit

CDS archive(s) mapped at: [0x000001a237000000-0x000001a237bb0000-0x000001a237bb0000), size 12255232, SharedBaseAddress: 0x000001a237000000, ArchiveRelocationMode: 1.
Compressed class space mapped at: 0x000001a238000000-0x000001a278000000, reserved size: 1073741824
Narrow klass base: 0x000001a237000000, Narrow klass shift: 0, Narrow klass range: 0x100000000

GC Precious Log:
 CPUs: 8 total, 8 available
 Memory: 16222M
 Large Page Support: Disabled
 NUMA Support: Disabled
 Compressed Oops: Enabled (32-bit)
 Heap Region Size: 1M
 Heap Min Capacity: 64M
 Heap Initial Capacity: 64M
 Heap Max Capacity: 64M
 Pre-touch: Disabled
 Parallel Workers: 8
 Concurrent Workers: 2
 Concurrent Refinement Workers: 8
 Periodic GC: Disabled

Heap:
 garbage-first heap   total 65536K, used 17629K [0x00000000fc000000, 0x0000000100000000)
  region size 1024K, 10 young (10240K), 4 survivors (4096K)
 Metaspace       used 9693K, committed 9920K, reserved 1114112K
  class space    used 1285K, committed 1408K, reserved 1048576K

Heap Regions: E=young(eden), S=young(survivor), O=old, HS=humongous(starts), HC=humongous(continues), CS=collection set, F=free, OA=open archive, CA=closed archive, TAMS=top-at-mark-start (previous, next)
|   0|0x00000000fc000000, 0x00000000fc100000, 0x00000000fc100000|100%| O|  |TAMS 0x00000000fc000000, 0x00000000fc000000| Untracked 
|   1|0x00000000fc100000, 0x00000000fc200000, 0x00000000fc200000|100%| O|  |TAMS 0x00000000fc100000, 0x00000000fc100000| Untracked 
|   2|0x00000000fc200000, 0x00000000fc300000, 0x00000000fc300000|100%|HS|  |TAMS 0x00000000fc200000, 0x00000000fc200000| Complete 
|   3|0x00000000fc300000, 0x00000000fc400000, 0x00000000fc400000|100%|HC|  |TAMS 0x00000000fc300000, 0x00000000fc300000| Complete 
|   4|0x00000000fc400000, 0x00000000fc500000, 0x00000000fc500000|100%|HC|  |TAMS 0x00000000fc400000, 0x00000000fc400000| Complete 
|   5|0x00000000fc500000, 0x00000000fc600000, 0x00000000fc600000|100%|HC|  |TAMS 0x00000000fc500000, 0x00000000fc500000| Complete 
|   6|0x00000000fc600000, 0x00000000fc700000, 0x00000000fc700000|100%| O|  |TAMS 0x00000000fc600000, 0x00000000fc600000| Untracked 
|   7|0x00000000fc700000, 0x00000000fc800000, 0x00000000fc800000|100%| O|  |TAMS 0x00000000fc700000, 0x00000000fc700000| Untracked 
|   8|0x00000000fc800000, 0x00000000fc896600, 0x00000000fc900000| 58%| O|  |TAMS 0x00000000fc800000, 0x00000000fc800000| Untracked 
|   9|0x00000000fc900000, 0x00000000fc900000, 0x00000000fca00000|  0%| F|  |TAMS 0x00000000fc900000, 0x00000000fc900000| Untracked 
|  10|0x00000000fca00000, 0x00000000fca00000, 0x00000000fcb00000|  0%| F|  |TAMS 0x00000000fca00000, 0x00000000fca00000| Untracked 
|  11|0x00000000fcb00000, 0x00000000fcb00000, 0x00000000fcc00000|  0%| F|  |TAMS 0x00000000fcb00000, 0x00000000fcb00000| Untracked 
|  12|0x00000000fcc00000, 0x00000000fcc00000, 0x00000000fcd00000|  0%| F|  |TAMS 0x00000000fcc00000, 0x00000000fcc00000| Untracked 
|  13|0x00000000fcd00000, 0x00000000fcd00000, 0x00000000fce00000|  0%| F|  |TAMS 0x00000000fcd00000, 0x00000000fcd00000| Untracked 
|  14|0x00000000fce00000, 0x00000000fce00000, 0x00000000fcf00000|  0%| F|  |TAMS 0x00000000fce00000, 0x00000000fce00000| Untracked 
|  15|0x00000000fcf00000, 0x00000000fcf00000, 0x00000000fd000000|  0%| F|  |TAMS 0x00000000fcf00000, 0x00000000fcf00000| Untracked 
|  16|0x00000000fd000000, 0x00000000fd000000, 0x00000000fd100000|  0%| F|  |TAMS 0x00000000fd000000, 0x00000000fd000000| Untracked 
|  17|0x00000000fd100000, 0x00000000fd100000, 0x00000000fd200000|  0%| F|  |TAMS 0x00000000fd100000, 0x00000000fd100000| Untracked 
|  18|0x00000000fd200000, 0x00000000fd200000, 0x00000000fd300000|  0%| F|  |TAMS 0x00000000fd200000, 0x00000000fd200000| Untracked 
|  19|0x00000000fd300000, 0x00000000fd300000, 0x00000000fd400000|  0%| F|  |TAMS 0x00000000fd300000, 0x00000000fd300000| Untracked 
|  20|0x00000000fd400000, 0x00000000fd400000, 0x00000000fd500000|  0%| F|  |TAMS 0x00000000fd400000, 0x00000000fd400000| Untracked 
|  21|0x00000000fd500000, 0x00000000fd500000, 0x00000000fd600000|  0%| F|  |TAMS 0x00000000fd500000, 0x00000000fd500000| Untracked 
|  22|0x00000000fd600000, 0x00000000fd600000, 0x00000000fd700000|  0%| F|  |TAMS 0x00000000fd600000, 0x00000000fd600000| Untracked 
|  23|0x00000000fd700000, 0x00000000fd700000, 0x00000000fd800000|  0%| F|  |TAMS 0x00000000fd700000, 0x00000000fd700000| Untracked 
|  24|0x00000000fd800000, 0x00000000fd800000, 0x00000000fd900000|  0%| F|  |TAMS 0x00000000fd800000, 0x00000000fd800000| Untracked 
|  25|0x00000000fd900000, 0x00000000fd900000, 0x00000000fda00000|  0%| F|  |TAMS 0x00000000fd900000, 0x00000000fd900000| Untracked 
|  26|0x00000000fda00000, 0x00000000fda00000, 0x00000000fdb00000|  0%| F|  |TAMS 0x00000000fda00000, 0x00000000fda00000| Untracked 
|  27|0x00000000fdb00000, 0x00000000fdb00000, 0x00000000fdc00000|  0%| F|  |TAMS 0x00000000fdb00000, 0x00000000fdb00000| Untracked 
|  28|0x00000000fdc00000, 0x00000000fdc00000, 0x00000000fdd00000|  0%| F|  |TAMS 0x00000000fdc00000, 0x00000000fdc00000| Untracked 
|  29|0x00000000fdd00000, 0x00000000fdd00000, 0x00000000fde00000|  0%| F|  |TAMS 0x00000000fdd00000, 0x00000000fdd00000| Untracked 
|  30|0x00000000fde00000, 0x00000000fdea1160, 0x00000000fdf00000| 62%| S|CS|TAMS 0x00000000fde00000, 0x00000000fde00000| Complete 
|  31|0x00000000fdf00000, 0x00000000fe000000, 0x00000000fe000000|100%| S|CS|TAMS 0x00000000fdf00000, 0x00000000fdf00000| Complete 
|  32|0x00000000fe000000, 0x00000000fe100000, 0x00000000fe100000|100%| S|CS|TAMS 0x00000000fe000000, 0x00000000fe000000| Complete 
|  33|0x00000000fe100000, 0x00000000fe200000, 0x00000000fe200000|100%| S|CS|TAMS 0x00000000fe100000, 0x00000000fe100000| Complete 
|  34|0x00000000fe200000, 0x00000000fe200000, 0x00000000fe300000|  0%| F|  |TAMS 0x00000000fe200000, 0x00000000fe200000| Untracked 
|  35|0x00000000fe300000, 0x00000000fe300000, 0x00000000fe400000|  0%| F|  |TAMS 0x00000000fe300000, 0x00000000fe300000| Untracked 
|  36|0x00000000fe400000, 0x00000000fe400000, 0x00000000fe500000|  0%| F|  |TAMS 0x00000000fe400000, 0x00000000fe400000| Untracked 
|  37|0x00000000fe500000, 0x00000000fe500000, 0x00000000fe600000|  0%| F|  |TAMS 0x00000000fe500000, 0x00000000fe500000| Untracked 
|  38|0x00000000fe600000, 0x00000000fe600000, 0x00000000fe700000|  0%| F|  |TAMS 0x00000000fe600000, 0x00000000fe600000| Untracked 
|  39|0x00000000fe700000, 0x00000000fe700000, 0x00000000fe800000|  0%| F|  |TAMS 0x00000000fe700000, 0x00000000fe700000| Untracked 
|  40|0x00000000fe800000, 0x00000000fe800000, 0x00000000fe900000|  0%| F|  |TAMS 0x00000000fe800000, 0x00000000fe800000| Untracked 
|  41|0x00000000fe900000, 0x00000000fe900000, 0x00000000fea00000|  0%| F|  |TAMS 0x00000000fe900000, 0x00000000fe900000| Untracked 
|  42|0x00000000fea00000, 0x00000000fea00000, 0x00000000feb00000|  0%| F|  |TAMS 0x00000000fea00000, 0x00000000fea00000| Untracked 
|  43|0x00000000feb00000, 0x00000000feb00000, 0x00000000fec00000|  0%| F|  |TAMS 0x00000000feb00000, 0x00000000feb00000| Untracked 
|  44|0x00000000fec00000, 0x00000000fec00000, 0x00000000fed00000|  0%| F|  |TAMS 0x00000000fec00000, 0x00000000fec00000| Untracked 
|  45|0x00000000fed00000, 0x00000000fed00000, 0x00000000fee00000|  0%| F|  |TAMS 0x00000000fed00000, 0x00000000fed00000| Untracked 
|  46|0x00000000fee00000, 0x00000000fee00000, 0x00000000fef00000|  0%| F|  |TAMS 0x00000000fee00000, 0x00000000fee00000| Untracked 
|  47|0x00000000fef00000, 0x00000000fef00000, 0x00000000ff000000|  0%| F|  |TAMS 0x00000000fef00000, 0x00000000fef00000| Untracked 
|  48|0x00000000ff000000, 0x00000000ff000000, 0x00000000ff100000|  0%| F|  |TAMS 0x00000000ff000000, 0x00000000ff000000| Untracked 
|  49|0x00000000ff100000, 0x00000000ff100000, 0x00000000ff200000|  0%| F|  |TAMS 0x00000000ff100000, 0x00000000ff100000| Untracked 
|  50|0x00000000ff200000, 0x00000000ff200000, 0x00000000ff300000|  0%| F|  |TAMS 0x00000000ff200000, 0x00000000ff200000| Untracked 
|  51|0x00000000ff300000, 0x00000000ff300000, 0x00000000ff400000|  0%| F|  |TAMS 0x00000000ff300000, 0x00000000ff300000| Untracked 
|  52|0x00000000ff400000, 0x00000000ff400000, 0x00000000ff500000|  0%| F|  |TAMS 0x00000000ff400000, 0x00000000ff400000| Untracked 
|  53|0x00000000ff500000, 0x00000000ff500000, 0x00000000ff600000|  0%| F|  |TAMS 0x00000000ff500000, 0x00000000ff500000| Untracked 
|  54|0x00000000ff600000, 0x00000000ff600000, 0x00000000ff700000|  0%| F|  |TAMS 0x00000000ff600000, 0x00000000ff600000| Untracked 
|  55|0x00000000ff700000, 0x00000000ff700000, 0x00000000ff800000|  0%| F|  |TAMS 0x00000000ff700000, 0x00000000ff700000| Untracked 
|  56|0x00000000ff800000, 0x00000000ff800000, 0x00000000ff900000|  0%| F|  |TAMS 0x00000000ff800000, 0x00000000ff800000| Untracked 
|  57|0x00000000ff900000, 0x00000000ff900000, 0x00000000ffa00000|  0%| F|  |TAMS 0x00000000ff900000, 0x00000000ff900000| Untracked 
|  58|0x00000000ffa00000, 0x00000000ffa62110, 0x00000000ffb00000| 38%| E|  |TAMS 0x00000000ffa00000, 0x00000000ffa00000| Complete 
|  59|0x00000000ffb00000, 0x00000000ffc00000, 0x00000000ffc00000|100%| E|CS|TAMS 0x00000000ffb00000, 0x00000000ffb00000| Complete 
|  60|0x00000000ffc00000, 0x00000000ffd00000, 0x00000000ffd00000|100%| E|CS|TAMS 0x00000000ffc00000, 0x00000000ffc00000| Complete 
|  61|0x00000000ffd00000, 0x00000000ffe00000, 0x00000000ffe00000|100%| E|CS|TAMS 0x00000000ffd00000, 0x00000000ffd00000| Complete 
|  62|0x00000000ffe00000, 0x00000000fff00000, 0x00000000fff00000|100%| E|CS|TAMS 0x00000000ffe00000, 0x00000000ffe00000| Complete 
|  63|0x00000000fff00000, 0x0000000100000000, 0x0000000100000000|100%| E|CS|TAMS 0x00000000fff00000, 0x00000000fff00000| Complete 

Card table byte_map: [0x000001a21c6b0000,0x000001a21c6d0000] _byte_map_base: 0x000001a21bed0000

Marking Bits (Prev, Next): (CMBitMap*) 0x000001a21c7f0af0, (CMBitMap*) 0x000001a21c7f0b30
 Prev Bits: [0x000001a233640000, 0x000001a233740000)
 Next Bits: [0x000001a233740000, 0x000001a233840000)

Polling page: 0x000001a21a770000

Metaspace:

Usage:
  Non-class:      8.21 MB used.
      Class:      1.26 MB used.
       Both:      9.47 MB used.

Virtual space:
  Non-class space:       64.00 MB reserved,       8.31 MB ( 13%) committed,  1 nodes.
      Class space:        1.00 GB reserved,       1.38 MB ( <1%) committed,  1 nodes.
             Both:        1.06 GB reserved,       9.69 MB ( <1%) committed. 

Chunk freelists:
   Non-Class:  7.34 MB
       Class:  14.47 MB
        Both:  21.82 MB

MaxMetaspaceSize: unlimited
CompressedClassSpaceSize: 1.00 GB
Initial GC threshold: 21.00 MB
Current GC threshold: 21.00 MB
CDS: on
MetaspaceReclaimPolicy: balanced
 - commit_granule_bytes: 65536.
 - commit_granule_words: 8192.
 - virtual_space_node_default_size: 8388608.
 - enlarge_chunks_in_place: 1.
 - new_chunks_are_fully_committed: 0.
 - uncommit_free_chunks: 1.
 - use_allocation_guard: 0.
 - handle_deallocations: 1.


Internal statistics:

num_allocs_failed_limit: 0.
num_arena_births: 72.
num_arena_deaths: 0.
num_vsnodes_births: 2.
num_vsnodes_deaths: 0.
num_space_committed: 155.
num_space_uncommitted: 0.
num_chunks_returned_to_freelist: 0.
num_chunks_taken_from_freelist: 348.
num_chunk_merges: 0.
num_chunk_splits: 234.
num_chunks_enlarged: 193.
num_inconsistent_stats: 0.

CodeHeap 'non-profiled nmethods': size=120000Kb used=733Kb max_used=733Kb free=119266Kb
 bounds [0x000001a22bdd0000, 0x000001a22c040000, 0x000001a233300000]
CodeHeap 'profiled nmethods': size=120000Kb used=3124Kb max_used=3124Kb free=116875Kb
 bounds [0x000001a224300000, 0x000001a224610000, 0x000001a22b830000]
CodeHeap 'non-nmethods': size=5760Kb used=1170Kb max_used=1204Kb free=4589Kb
 bounds [0x000001a22b830000, 0x000001a22baa0000, 0x000001a22bdd0000]
 total_blobs=2159 nmethods=1692 adapters=380
 compilation: enabled
              stopped_count=0, restarted_count=0
 full_count=0

Compilation events (20 events):
Event: 38.491 Thread 0x000001a23622af20 nmethod 1683 0x000001a224605010 code [0x000001a2246051e0, 0x000001a2246054f8]
Event: 38.493 Thread 0x000001a23622af20 1684       3       org.gradle.internal.logging.console.Cursor::newBottomLeft (14 bytes)
Event: 38.494 Thread 0x000001a23622af20 nmethod 1684 0x000001a224605710 code [0x000001a2246058c0, 0x000001a224605b38]
Event: 38.494 Thread 0x000001a23622af20 1685       3       org.gradle.internal.logging.console.Cursor::bottomLeft (11 bytes)
Event: 38.494 Thread 0x000001a23622af20 nmethod 1685 0x000001a224605c90 code [0x000001a224605e20, 0x000001a224605f38]
Event: 38.495 Thread 0x000001a2362289f0 1686       4       java.util.concurrent.locks.AbstractQueuedSynchronizer::compareAndSetState (13 bytes)
Event: 38.495 Thread 0x000001a23622af20 1687       3       org.gradle.internal.logging.console.MultiLineBuildProgressArea::parkCursor (26 bytes)
Event: 38.495 Thread 0x000001a2362289f0 nmethod 1686 0x000001a22be87490 code [0x000001a22be87600, 0x000001a22be87698]
Event: 38.495 Thread 0x000001a23622af20 nmethod 1687 0x000001a224606010 code [0x000001a2246061e0, 0x000001a224606558]
Event: 38.496 Thread 0x000001a23622af20 1688       3       org.gradle.internal.logging.console.ProgressBar::formatProgress (328 bytes)
Event: 38.499 Thread 0x000001a23622af20 nmethod 1688 0x000001a224606710 code [0x000001a224606be0, 0x000001a224608e18]
Event: 38.499 Thread 0x000001a23622af20 1689       3       org.gradle.internal.logging.format.TersePrettyDurationFormatter::format (5 bytes)
Event: 38.499 Thread 0x000001a23622af20 nmethod 1689 0x000001a224609b90 code [0x000001a224609d20, 0x000001a224609e68]
Event: 38.499 Thread 0x000001a23622af20 1690       3       org.gradle.internal.time.TimeFormatting::formatDurationTerse (123 bytes)
Event: 38.500 Thread 0x000001a23622af20 nmethod 1690 0x000001a224609f10 code [0x000001a22460a200, 0x000001a22460af08]
Event: 38.502 Thread 0x000001a23622af20 1691       3       org.gradle.internal.logging.console.DefaultWorkInProgressFormatter::format (102 bytes)
Event: 38.503 Thread 0x000001a23622af20 nmethod 1691 0x000001a22460b410 code [0x000001a22460b6c0, 0x000001a22460c3e8]
Event: 38.503 Thread 0x000001a23622af20 1692       3       org.gradle.internal.logging.console.ThrottlingOutputEventListener::renderNow (40 bytes)
Event: 38.504 Thread 0x000001a23622af20 nmethod 1692 0x000001a22460c910 code [0x000001a22460cae0, 0x000001a22460d008]
Event: 38.504 Thread 0x000001a23622af20 1694       3       org.gradle.internal.logging.console.WorkInProgressRenderer::renderNow (351 bytes)

GC Heap History (4 events):
Event: 0.883 GC heap before
{Heap before GC invocations=0 (full 0):
 garbage-first heap   total 65536K, used 22528K [0x00000000fc000000, 0x0000000100000000)
  region size 1024K, 23 young (23552K), 0 survivors (0K)
 Metaspace       used 1830K, committed 1920K, reserved 1114112K
  class space    used 161K, committed 192K, reserved 1048576K
}
Event: 0.890 GC heap after
{Heap after GC invocations=1 (full 0):
 garbage-first heap   total 65536K, used 4640K [0x00000000fc000000, 0x0000000100000000)
  region size 1024K, 3 young (3072K), 3 survivors (3072K)
 Metaspace       used 1830K, committed 1920K, reserved 1114112K
  class space    used 161K, committed 192K, reserved 1048576K
}
Event: 1.883 GC heap before
{Heap before GC invocations=1 (full 0):
 garbage-first heap   total 65536K, used 36384K [0x00000000fc000000, 0x0000000100000000)
  region size 1024K, 30 young (30720K), 3 survivors (3072K)
 Metaspace       used 7828K, committed 8064K, reserved 1114112K
  class space    used 1068K, committed 1152K, reserved 1048576K
}
Event: 1.888 GC heap after
{Heap after GC invocations=2 (full 0):
 garbage-first heap   total 65536K, used 12509K [0x00000000fc000000, 0x0000000100000000)
  region size 1024K, 4 young (4096K), 4 survivors (4096K)
 Metaspace       used 7828K, committed 8064K, reserved 1114112K
  class space    used 1068K, committed 1152K, reserved 1048576K
}

Dll operation events (13 events):
Event: 0.011 Loaded shared library C:\Program Files\Microsoft\jdk-17.0.13.11-hotspot\bin\java.dll
Event: 0.032 Loaded shared library C:\Program Files\Microsoft\jdk-17.0.13.11-hotspot\bin\jsvml.dll
Event: 0.084 Loaded shared library C:\Program Files\Microsoft\jdk-17.0.13.11-hotspot\bin\net.dll
Event: 0.086 Loaded shared library C:\Program Files\Microsoft\jdk-17.0.13.11-hotspot\bin\nio.dll
Event: 0.089 Loaded shared library C:\Program Files\Microsoft\jdk-17.0.13.11-hotspot\bin\zip.dll
Event: 0.093 Loaded shared library C:\Program Files\Microsoft\jdk-17.0.13.11-hotspot\bin\verify.dll
Event: 0.757 Loaded shared library C:\Program Files\Microsoft\jdk-17.0.13.11-hotspot\bin\jimage.dll
Event: 1.408 Loaded shared library C:\Users\huzai\.gradle\native\c067742578af261105cb4f569cf0c3c89f3d7b1fecec35dd04571415982c5e48\windows-amd64\native-platform.dll
Event: 1.436 Loaded shared library C:\Users\huzai\.gradle\native\jansi\1.18\windows64\jansi.dll
Event: 1.623 Loaded shared library C:\Program Files\Microsoft\jdk-17.0.13.11-hotspot\bin\management.dll
Event: 1.626 Loaded shared library C:\Program Files\Microsoft\jdk-17.0.13.11-hotspot\bin\management_ext.dll
Event: 2.233 Loaded shared library C:\Program Files\Microsoft\jdk-17.0.13.11-hotspot\bin\extnet.dll
Event: 2.294 Loaded shared library C:\Program Files\Microsoft\jdk-17.0.13.11-hotspot\bin\sunmscapi.dll

Deoptimization events (20 events):
Event: 2.263 Thread 0x000001a21c7d0d80 Uncommon trap: trap_request=0xffffff45 fr.pc=0x000001a22be14da4 relative=0x0000000000000664
Event: 2.263 Thread 0x000001a21c7d0d80 Uncommon trap: reason=unstable_if action=reinterpret pc=0x000001a22be14da4 method=java.lang.AbstractStringBuilder.append(Ljava/lang/String;)Ljava/lang/AbstractStringBuilder; @ 1 c2
Event: 2.263 Thread 0x000001a21c7d0d80 DEOPT PACKING pc=0x000001a22be14da4 sp=0x0000007a562fd270
Event: 2.263 Thread 0x000001a21c7d0d80 DEOPT UNPACKING pc=0x000001a22b8869a3 sp=0x0000007a562fd1f0 mode 2
Event: 2.330 Thread 0x000001a21c7d0d80 Uncommon trap: trap_request=0xffffff45 fr.pc=0x000001a22be6b820 relative=0x00000000000004c0
Event: 2.330 Thread 0x000001a21c7d0d80 Uncommon trap: reason=unstable_if action=reinterpret pc=0x000001a22be6b820 method=java.lang.invoke.VarForm.getMemberName(I)Ljava/lang/invoke/MemberName; @ 8 c2
Event: 2.330 Thread 0x000001a21c7d0d80 DEOPT PACKING pc=0x000001a22be6b820 sp=0x0000007a562fd2d0
Event: 2.330 Thread 0x000001a21c7d0d80 DEOPT UNPACKING pc=0x000001a22b8869a3 sp=0x0000007a562fd230 mode 2
Event: 2.692 Thread 0x000001a21c7d0d80 Uncommon trap: trap_request=0xffffffc6 fr.pc=0x000001a22be5d884 relative=0x00000000000005a4
Event: 2.692 Thread 0x000001a21c7d0d80 Uncommon trap: reason=bimorphic_or_optimized_type_check action=maybe_recompile pc=0x000001a22be5d884 method=java.util.concurrent.ConcurrentHashMap.get(Ljava/lang/Object;)Ljava/lang/Object; @ 149 c2
Event: 2.692 Thread 0x000001a21c7d0d80 DEOPT PACKING pc=0x000001a22be5d884 sp=0x0000007a562fd530
Event: 2.692 Thread 0x000001a21c7d0d80 DEOPT UNPACKING pc=0x000001a22b8869a3 sp=0x0000007a562fd4d0 mode 2
Event: 2.876 Thread 0x000001a21c7d0d80 Uncommon trap: trap_request=0xffffffc6 fr.pc=0x000001a22be5d884 relative=0x00000000000005a4
Event: 2.876 Thread 0x000001a21c7d0d80 Uncommon trap: reason=bimorphic_or_optimized_type_check action=maybe_recompile pc=0x000001a22be5d884 method=java.util.concurrent.ConcurrentHashMap.get(Ljava/lang/Object;)Ljava/lang/Object; @ 149 c2
Event: 2.876 Thread 0x000001a21c7d0d80 DEOPT PACKING pc=0x000001a22be5d884 sp=0x0000007a562fd530
Event: 2.876 Thread 0x000001a21c7d0d80 DEOPT UNPACKING pc=0x000001a22b8869a3 sp=0x0000007a562fd4d0 mode 2
Event: 5.372 Thread 0x000001a21c7d0d80 Uncommon trap: trap_request=0xffffff45 fr.pc=0x000001a22be8044c relative=0x000000000000052c
Event: 5.372 Thread 0x000001a21c7d0d80 Uncommon trap: reason=unstable_if action=reinterpret pc=0x000001a22be8044c method=com.esotericsoftware.kryo.io.Input.readUtf8(I)V @ 79 c2
Event: 5.372 Thread 0x000001a21c7d0d80 DEOPT PACKING pc=0x000001a22be8044c sp=0x0000007a562fcf70
Event: 5.372 Thread 0x000001a21c7d0d80 DEOPT UNPACKING pc=0x000001a22b8869a3 sp=0x0000007a562fcf08 mode 2

Classes loaded (20 events):
Event: 2.328 Loading class sun/nio/ch/SinkChannelImpl
Event: 2.328 Loading class java/nio/channels/Pipe$SinkChannel
Event: 2.328 Loading class java/nio/channels/Pipe$SinkChannel done
Event: 2.328 Loading class sun/nio/ch/SinkChannelImpl done
Event: 2.329 Loading class sun/nio/ch/SelectionKeyImpl
Event: 2.329 Loading class java/nio/channels/spi/AbstractSelectionKey
Event: 2.329 Loading class java/nio/channels/SelectionKey
Event: 2.329 Loading class java/nio/channels/SelectionKey done
Event: 2.329 Loading class java/nio/channels/spi/AbstractSelectionKey done
Event: 2.329 Loading class sun/nio/ch/SelectionKeyImpl done
Event: 2.330 Loading class java/lang/invoke/ConstantBootstraps
Event: 2.330 Loading class java/lang/invoke/ConstantBootstraps done
Event: 2.352 Loading class java/nio/channels/spi/AbstractSelector$1
Event: 2.352 Loading class java/nio/channels/spi/AbstractSelector$1 done
Event: 2.360 Loading class java/util/concurrent/Executors$FinalizableDelegatedExecutorService
Event: 2.360 Loading class java/util/concurrent/Executors$FinalizableDelegatedExecutorService done
Event: 2.372 Loading class java/util/AbstractList$ListItr
Event: 2.372 Loading class java/util/AbstractList$ListItr done
Event: 3.079 Loading class java/util/ArrayList$ListItr
Event: 3.079 Loading class java/util/ArrayList$ListItr done

Classes unloaded (0 events):
No events

Classes redefined (0 events):
No events

Internal exceptions (20 events):
Event: 0.229 Thread 0x000001a21c7d0d80 Exception <a 'java/lang/NoSuchMethodError'{0x00000000ffdee2c0}: 'int java.lang.invoke.DirectMethodHandle$Holder.invokeStaticInit(java.lang.Object, java.lang.Object)'> (0x00000000ffdee2c0) 
thrown [s\src\hotspot\share\interpreter\linkResolver.cpp, line 759]
Event: 1.299 Thread 0x000001a21c7d0d80 Exception <a 'java/lang/NoSuchMethodError'{0x00000000ff69b728}: 'void java.lang.invoke.DirectMethodHandle$Holder.invokeStatic(java.lang.Object, java.lang.Object)'> (0x00000000ff69b728) 
thrown [s\src\hotspot\share\interpreter\linkResolver.cpp, line 759]
Event: 1.334 Thread 0x000001a21c7d0d80 Exception <a 'java/lang/NoClassDefFoundError'{0x00000000ff552a30}: org/slf4j/impl/StaticMarkerBinder> (0x00000000ff552a30) 
thrown [s\src\hotspot\share\classfile\systemDictionary.cpp, line 245]
Event: 1.370 Thread 0x000001a21c7d0d80 Exception <a 'java/lang/NoSuchMethodError'{0x00000000ff432050}: 'java.lang.Object java.lang.invoke.Invokers$Holder.invoker(java.lang.Object, java.lang.Object, java.lang.Object)'> (0x00000000ff432050) 
thrown [s\src\hotspot\share\interpreter\linkResolver.cpp, line 759]
Event: 1.373 Thread 0x000001a21c7d0d80 Exception <a 'java/lang/NoSuchMethodError'{0x00000000ff43b1a8}: 'java.lang.Object java.lang.invoke.DirectMethodHandle$Holder.invokeStatic(java.lang.Object, java.lang.Object, int)'> (0x00000000ff43b1a8) 
thrown [s\src\hotspot\share\interpreter\linkResolver.cpp, line 759]
Event: 1.376 Thread 0x000001a21c7d0d80 Exception <a 'java/lang/NoSuchMethodError'{0x00000000ff446e98}: 'void java.lang.invoke.DelegatingMethodHandle$Holder.delegate(java.lang.Object, java.lang.Object, int, java.lang.Object)'> (0x00000000ff446e98) 
thrown [s\src\hotspot\share\interpreter\linkResolver.cpp, line 759]
Event: 1.377 Thread 0x000001a21c7d0d80 Exception <a 'java/lang/NoSuchMethodError'{0x00000000ff44aed0}: 'int java.lang.invoke.DirectMethodHandle$Holder.invokeSpecial(java.lang.Object, java.lang.Object, java.lang.Object)'> (0x00000000ff44aed0) 
thrown [s\src\hotspot\share\interpreter\linkResolver.cpp, line 759]
Event: 1.381 Thread 0x000001a21c7d0d80 Exception <a 'java/lang/NoSuchMethodError'{0x00000000ff45dfe0}: 'java.lang.Object java.lang.invoke.Invokers$Holder.invokeExact_MT(java.lang.Object, java.lang.Object, java.lang.Object, java.lang.Object)'> (0x00000000ff45dfe0) 
thrown [s\src\hotspot\share\interpreter\linkResolver.cpp, line 759]
Event: 1.393 Thread 0x000001a21c7d0d80 Exception <a 'java/lang/NoSuchMethodError'{0x00000000ff498878}: 'java.lang.Object java.lang.invoke.DirectMethodHandle$Holder.invokeVirtual(java.lang.Object, java.lang.Object, java.lang.Object)'> (0x00000000ff498878) 
thrown [s\src\hotspot\share\interpreter\linkResolver.cpp, line 759]
Event: 1.522 Thread 0x000001a21c7d0d80 Exception <a 'java/lang/NoSuchMethodError'{0x00000000ff0e79f8}: 'java.lang.Object java.lang.invoke.DirectMethodHandle$Holder.newInvokeSpecial(java.lang.Object, java.lang.Object, java.lang.Object, java.lang.Object, java.lang.Object)'> (0x00000000ff0e79f8) 
thrown [s\src\hotspot\share\interpreter\linkResolver.cpp, line 759]
Event: 1.584 Thread 0x000001a21c7d0d80 Exception <a 'java/lang/NoSuchMethodError'{0x00000000fedb6988}: 'void java.lang.invoke.DirectMethodHandle$Holder.invokeSpecial(java.lang.Object, java.lang.Object, java.lang.Object)'> (0x00000000fedb6988) 
thrown [s\src\hotspot\share\interpreter\linkResolver.cpp, line 759]
Event: 1.597 Thread 0x000001a21c7d0d80 Implicit null exception at 0x000001a22be3d48f to 0x000001a22be3da00
Event: 1.597 Thread 0x000001a21c7d0d80 Implicit null exception at 0x000001a22be17d8f to 0x000001a22be18318
Event: 1.621 Thread 0x000001a21c7d0d80 Exception <a 'java/lang/NoSuchMethodError'{0x00000000feb74598}: 'java.lang.Object java.lang.invoke.DirectMethodHandle$Holder.invokeStaticInit(java.lang.Object)'> (0x00000000feb74598) 
thrown [s\src\hotspot\share\interpreter\linkResolver.cpp, line 759]
Event: 1.649 Thread 0x000001a21c7d0d80 Exception <a 'java/lang/NoSuchMethodError'{0x00000000fea17570}: 'int java.lang.invoke.DirectMethodHandle$Holder.invokeVirtual(java.lang.Object, java.lang.Object, java.lang.Object)'> (0x00000000fea17570) 
thrown [s\src\hotspot\share\interpreter\linkResolver.cpp, line 759]
Event: 1.701 Thread 0x000001a21c7d0d80 Exception <a 'java/lang/NoSuchMethodError'{0x00000000fe569900}: 'java.lang.Object java.lang.invoke.DirectMethodHandle$Holder.invokeSpecialIFC(java.lang.Object, java.lang.Object, java.lang.Object, java.lang.Object)'> (0x00000000fe569900) 
thrown [s\src\hotspot\share\interpreter\linkResolver.cpp, line 759]
Event: 1.774 Thread 0x000001a21c7d0d80 Exception <a 'java/lang/NoSuchMethodError'{0x00000000fe234348}: 'java.lang.Object java.lang.invoke.DirectMethodHandle$Holder.invokeStaticInit(java.lang.Object, int, int, int, int)'> (0x00000000fe234348) 
thrown [s\src\hotspot\share\interpreter\linkResolver.cpp, line 759]
Event: 1.889 Thread 0x000001a21c7d0d80 Exception <a 'java/lang/NoSuchMethodError'{0x00000000fff13030}: 'java.lang.Object java.lang.invoke.DirectMethodHandle$Holder.invokeStaticInit(java.lang.Object, java.lang.Object, int, int, int, int)'> (0x00000000fff13030) 
thrown [s\src\hotspot\share\interpreter\linkResolver.cpp, line 759]
Event: 2.235 Thread 0x000001a21c7d0d80 Exception <a 'java/lang/NoSuchMethodError'{0x00000000fff48458}: 'void java.lang.invoke.DirectMethodHandle$Holder.invokeStatic(java.lang.Object, java.lang.Object, java.lang.Object)'> (0x00000000fff48458) 
thrown [s\src\hotspot\share\interpreter\linkResolver.cpp, line 759]
Event: 2.263 Thread 0x000001a21c7d0d80 Implicit null exception at 0x000001a22be14772 to 0x000001a22be14d8c

VM Operations (20 events):
Event: 6.097 Executing VM operation: Cleanup
Event: 6.097 Executing VM operation: Cleanup done
Event: 8.107 Executing VM operation: Cleanup
Event: 8.108 Executing VM operation: Cleanup done
Event: 10.132 Executing VM operation: Cleanup
Event: 10.132 Executing VM operation: Cleanup done
Event: 17.184 Executing VM operation: Cleanup
Event: 17.184 Executing VM operation: Cleanup done
Event: 18.194 Executing VM operation: Cleanup
Event: 18.194 Executing VM operation: Cleanup done
Event: 19.201 Executing VM operation: Cleanup
Event: 19.201 Executing VM operation: Cleanup done
Event: 23.230 Executing VM operation: Cleanup
Event: 23.230 Executing VM operation: Cleanup done
Event: 24.238 Executing VM operation: Cleanup
Event: 24.238 Executing VM operation: Cleanup done
Event: 31.288 Executing VM operation: Cleanup
Event: 31.288 Executing VM operation: Cleanup done
Event: 33.298 Executing VM operation: Cleanup
Event: 33.298 Executing VM operation: Cleanup done

Memory protections (0 events):
No events

Nmethod flushes (0 events):
No events

Events (19 events):
Event: 0.032 Thread 0x000001a21c7d0d80 Thread added: 0x000001a21c7d0d80
Event: 0.036 Thread 0x000001a21c7d0d80 Thread added: 0x000001a21c878bb0
Event: 0.036 Thread 0x000001a21c7d0d80 Thread added: 0x000001a21c87a780
Event: 0.049 Thread 0x000001a21c7d0d80 Thread added: 0x000001a2361ef1a0
Event: 0.049 Thread 0x000001a21c7d0d80 Thread added: 0x000001a2361f1c70
Event: 0.049 Thread 0x000001a21c7d0d80 Thread added: 0x000001a2361f2840
Event: 0.049 Thread 0x000001a21c7d0d80 Thread added: 0x000001a2361fba30
Event: 0.049 Thread 0x000001a21c7d0d80 Thread added: 0x000001a2362289f0
Event: 0.049 Thread 0x000001a21c7d0d80 Thread added: 0x000001a23622af20
Event: 0.050 Thread 0x000001a21c7d0d80 Thread added: 0x000001a23622b940
Event: 0.077 Thread 0x000001a21c7d0d80 Thread added: 0x000001a236356e00
Event: 0.080 Thread 0x000001a21c7d0d80 Thread added: 0x000001a23635cdb0
Event: 0.753 Thread 0x000001a23622af20 Thread added: 0x000001a236510cc0
Event: 0.757 Thread 0x000001a2362289f0 Thread added: 0x000001a2365111e0
Event: 1.470 Thread 0x000001a21c7d0d80 Thread added: 0x000001a27c57e520
Event: 1.729 Thread 0x000001a2365111e0 Thread exited: 0x000001a2365111e0
Event: 1.870 Thread 0x000001a236510cc0 Thread exited: 0x000001a236510cc0
Event: 2.310 Thread 0x000001a23622af20 Thread added: 0x000001a27c632d80
Event: 2.536 Thread 0x000001a27c632d80 Thread exited: 0x000001a27c632d80


Dynamic libraries:
0x00007ff6007d0000 - 0x00007ff6007de000 	C:\Program Files\Microsoft\jdk-17.0.13.11-hotspot\bin\java.exe
0x00007ff9f07b0000 - 0x00007ff9f09c7000 	C:\WINDOWS\SYSTEM32\ntdll.dll
0x00007ff9ee9b0000 - 0x00007ff9eea74000 	C:\WINDOWS\System32\KERNEL32.DLL
0x00007ff9ede10000 - 0x00007ff9ee1c9000 	C:\WINDOWS\System32\KERNELBASE.dll
0x00007ff9edab0000 - 0x00007ff9edbc1000 	C:\WINDOWS\System32\ucrtbase.dll
0x00007ff9b9fc0000 - 0x00007ff9b9fd7000 	C:\Program Files\Microsoft\jdk-17.0.13.11-hotspot\bin\jli.dll
0x00007ff9f00b0000 - 0x00007ff9f025e000 	C:\WINDOWS\System32\USER32.dll
0x00007ff9ee250000 - 0x00007ff9ee276000 	C:\WINDOWS\System32\win32u.dll
0x00007ff9eeb20000 - 0x00007ff9eeb49000 	C:\WINDOWS\System32\GDI32.dll
0x00007ff9ee3b0000 - 0x00007ff9ee4cb000 	C:\WINDOWS\System32\gdi32full.dll
0x00007ff9edd70000 - 0x00007ff9ede0a000 	C:\WINDOWS\System32\msvcp_win.dll
0x00007ff9b9fa0000 - 0x00007ff9b9fbd000 	C:\Program Files\Microsoft\jdk-17.0.13.11-hotspot\bin\VCRUNTIME140.dll
0x00007ff9d6240000 - 0x00007ff9d64d2000 	C:\WINDOWS\WinSxS\amd64_microsoft.windows.common-controls_6595b64144ccf1df_6.0.22621.4391_none_2715d37f73803e96\COMCTL32.dll
0x00007ff9f06c0000 - 0x00007ff9f0767000 	C:\WINDOWS\System32\msvcrt.dll
0x00007ff9eea80000 - 0x00007ff9eeab1000 	C:\WINDOWS\System32\IMM32.DLL
0x00007ff9e6330000 - 0x00007ff9e633c000 	C:\Program Files\Microsoft\jdk-17.0.13.11-hotspot\bin\vcruntime140_1.dll
0x00007ff97ddd0000 - 0x00007ff97de5d000 	C:\Program Files\Microsoft\jdk-17.0.13.11-hotspot\bin\msvcp140.dll
0x00007ff977060000 - 0x00007ff977cd1000 	C:\Program Files\Microsoft\jdk-17.0.13.11-hotspot\bin\server\jvm.dll
0x00007ff9ef610000 - 0x00007ff9ef6c2000 	C:\WINDOWS\System32\ADVAPI32.dll
0x00007ff9ee4e0000 - 0x00007ff9ee587000 	C:\WINDOWS\System32\sechost.dll
0x00007ff9edd40000 - 0x00007ff9edd68000 	C:\WINDOWS\System32\bcrypt.dll
0x00007ff9f05a0000 - 0x00007ff9f06b4000 	C:\WINDOWS\System32\RPCRT4.dll
0x00007ff9ef530000 - 0x00007ff9ef5a1000 	C:\WINDOWS\System32\WS2_32.dll
0x00007ff9ec900000 - 0x00007ff9ec94d000 	C:\WINDOWS\SYSTEM32\POWRPROF.dll
0x00007ff9e6c50000 - 0x00007ff9e6c84000 	C:\WINDOWS\SYSTEM32\WINMM.dll
0x00007ff9ec150000 - 0x00007ff9ec15a000 	C:\WINDOWS\SYSTEM32\VERSION.dll
0x00007ff9ec8e0000 - 0x00007ff9ec8f3000 	C:\WINDOWS\SYSTEM32\UMPDC.dll
0x00007ff9ecba0000 - 0x00007ff9ecbb8000 	C:\WINDOWS\SYSTEM32\kernel.appcore.dll
0x00007ff9e79e0000 - 0x00007ff9e79ea000 	C:\Program Files\Microsoft\jdk-17.0.13.11-hotspot\bin\jimage.dll
0x00007ff9eb0c0000 - 0x00007ff9eb2f2000 	C:\WINDOWS\SYSTEM32\DBGHELP.DLL
0x00007ff9eed20000 - 0x00007ff9ef0af000 	C:\WINDOWS\System32\combase.dll
0x00007ff9ee820000 - 0x00007ff9ee8f7000 	C:\WINDOWS\System32\OLEAUT32.dll
0x00007ff9c9ee0000 - 0x00007ff9c9f12000 	C:\WINDOWS\SYSTEM32\dbgcore.DLL
0x00007ff9ee1d0000 - 0x00007ff9ee24b000 	C:\WINDOWS\System32\bcryptPrimitives.dll
0x00007ff9c1e60000 - 0x00007ff9c1e85000 	C:\Program Files\Microsoft\jdk-17.0.13.11-hotspot\bin\java.dll
0x00007ff97d150000 - 0x00007ff97d227000 	C:\Program Files\Microsoft\jdk-17.0.13.11-hotspot\bin\jsvml.dll
0x00007ff9ef6d0000 - 0x00007ff9eff46000 	C:\WINDOWS\System32\SHELL32.dll
0x00007ff9eb840000 - 0x00007ff9ec143000 	C:\WINDOWS\SYSTEM32\windows.storage.dll
0x00007ff9ec180000 - 0x00007ff9ec2bf000 	C:\WINDOWS\SYSTEM32\wintypes.dll
0x00007ff9ee620000 - 0x00007ff9ee719000 	C:\WINDOWS\System32\SHCORE.dll
0x00007ff9ef5b0000 - 0x00007ff9ef60e000 	C:\WINDOWS\System32\shlwapi.dll
0x00007ff9ed9e0000 - 0x00007ff9eda0b000 	C:\WINDOWS\SYSTEM32\profapi.dll
0x00007ff9b9f50000 - 0x00007ff9b9f6a000 	C:\Program Files\Microsoft\jdk-17.0.13.11-hotspot\bin\net.dll
0x00007ff9e9c50000 - 0x00007ff9e9d86000 	C:\WINDOWS\SYSTEM32\WINHTTP.dll
0x00007ff9ed010000 - 0x00007ff9ed079000 	C:\WINDOWS\system32\mswsock.dll
0x00007ff9af680000 - 0x00007ff9af696000 	C:\Program Files\Microsoft\jdk-17.0.13.11-hotspot\bin\nio.dll
0x00007ff9af140000 - 0x00007ff9af158000 	C:\Program Files\Microsoft\jdk-17.0.13.11-hotspot\bin\zip.dll
0x00007ff9d47b0000 - 0x00007ff9d47c0000 	C:\Program Files\Microsoft\jdk-17.0.13.11-hotspot\bin\verify.dll
0x00007ff9cb780000 - 0x00007ff9cb7a7000 	C:\Users\huzai\.gradle\native\c067742578af261105cb4f569cf0c3c89f3d7b1fecec35dd04571415982c5e48\windows-amd64\native-platform.dll
0x00007ff9e96a0000 - 0x00007ff9e96aa000 	C:\Users\huzai\.gradle\native\jansi\1.18\windows64\jansi.dll
0x00007ff9e6dd0000 - 0x00007ff9e6dda000 	C:\Program Files\Microsoft\jdk-17.0.13.11-hotspot\bin\management.dll
0x00007ff9e6d60000 - 0x00007ff9e6d6b000 	C:\Program Files\Microsoft\jdk-17.0.13.11-hotspot\bin\management_ext.dll
0x00007ff9ee960000 - 0x00007ff9ee968000 	C:\WINDOWS\System32\PSAPI.DLL
0x00007ff9ed360000 - 0x00007ff9ed37b000 	C:\WINDOWS\SYSTEM32\CRYPTSP.dll
0x00007ff9ecb00000 - 0x00007ff9ecb35000 	C:\WINDOWS\system32\rsaenh.dll
0x00007ff9ed0b0000 - 0x00007ff9ed0d8000 	C:\WINDOWS\SYSTEM32\USERENV.dll
0x00007ff9ed340000 - 0x00007ff9ed34c000 	C:\WINDOWS\SYSTEM32\CRYPTBASE.dll
0x00007ff9ec590000 - 0x00007ff9ec5bd000 	C:\WINDOWS\SYSTEM32\IPHLPAPI.DLL
0x00007ff9eed10000 - 0x00007ff9eed19000 	C:\WINDOWS\System32\NSI.dll
0x00007ff9e6bf0000 - 0x00007ff9e6c09000 	C:\WINDOWS\SYSTEM32\dhcpcsvc6.DLL
0x00007ff9e6ae0000 - 0x00007ff9e6aff000 	C:\WINDOWS\SYSTEM32\dhcpcsvc.DLL
0x00007ff9ec600000 - 0x00007ff9ec702000 	C:\WINDOWS\SYSTEM32\DNSAPI.dll
0x00007ff9d52a0000 - 0x00007ff9d52a9000 	C:\Program Files\Microsoft\jdk-17.0.13.11-hotspot\bin\extnet.dll
0x00007ff9d69d0000 - 0x00007ff9d69de000 	C:\Program Files\Microsoft\jdk-17.0.13.11-hotspot\bin\sunmscapi.dll
0x00007ff9edbd0000 - 0x00007ff9edd36000 	C:\WINDOWS\System32\CRYPT32.dll
0x00007ff9ed470000 - 0x00007ff9ed49d000 	C:\WINDOWS\SYSTEM32\ncrypt.dll
0x00007ff9ed430000 - 0x00007ff9ed467000 	C:\WINDOWS\SYSTEM32\NTASN1.dll
0x00007ff9cc1c0000 - 0x00007ff9cc1c8000 	C:\WINDOWS\system32\wshunix.dll

dbghelp: loaded successfully - version: 4.0.5 - missing functions: none
symbol engine: initialized successfully - sym options: 0x614 - pdb path: .;C:\Program Files\Microsoft\jdk-17.0.13.11-hotspot\bin;C:\WINDOWS\SYSTEM32;C:\WINDOWS\WinSxS\amd64_microsoft.windows.common-controls_6595b64144ccf1df_6.0.22621.4391_none_2715d37f73803e96;C:\Program Files\Microsoft\jdk-17.0.13.11-hotspot\bin\server;C:\Users\huzai\.gradle\native\c067742578af261105cb4f569cf0c3c89f3d7b1fecec35dd04571415982c5e48\windows-amd64;C:\Users\huzai\.gradle\native\jansi\1.18\windows64

VM Arguments:
jvm_args: -Xmx64m -Xms64m -Dorg.gradle.appname=gradlew 
java_command: org.gradle.wrapper.GradleWrapperMain app:installDebug -PreactNativeDevServerPort=8081
java_class_path (initial): D:\native\MyWallet\android\\gradle\wrapper\gradle-wrapper.jar
Launcher Type: SUN_STANDARD

[Global flags]
     intx CICompilerCount                          = 4                                         {product} {ergonomic}
     uint ConcGCThreads                            = 2                                         {product} {ergonomic}
     uint G1ConcRefinementThreads                  = 8                                         {product} {ergonomic}
   size_t G1HeapRegionSize                         = 1048576                                   {product} {ergonomic}
    uintx GCDrainStackTargetSize                   = 64                                        {product} {ergonomic}
   size_t InitialHeapSize                          = 67108864                                  {product} {command line}
   size_t MarkStackSize                            = 4194304                                   {product} {ergonomic}
   size_t MaxHeapSize                              = 67108864                                  {product} {command line}
   size_t MaxNewSize                               = 39845888                                  {product} {ergonomic}
   size_t MinHeapDeltaBytes                        = 1048576                                   {product} {ergonomic}
   size_t MinHeapSize                              = 67108864                                  {product} {command line}
    uintx NonNMethodCodeHeapSize                   = 5839372                                {pd product} {ergonomic}
    uintx NonProfiledCodeHeapSize                  = 122909434                              {pd product} {ergonomic}
    uintx ProfiledCodeHeapSize                     = 122909434                              {pd product} {ergonomic}
    uintx ReservedCodeCacheSize                    = 251658240                              {pd product} {ergonomic}
     bool SegmentedCodeCache                       = true                                      {product} {ergonomic}
   size_t SoftMaxHeapSize                          = 67108864                               {manageable} {ergonomic}
     bool UseCompressedClassPointers               = true                           {product lp64_product} {ergonomic}
     bool UseCompressedOops                        = true                           {product lp64_product} {ergonomic}
     bool UseG1GC                                  = true                                      {product} {ergonomic}
     bool UseLargePagesIndividualAllocation        = false                                  {pd product} {ergonomic}

Logging:
Log output configuration:
 #0: stdout all=warning uptime,level,tags
 #1: stderr all=off uptime,level,tags

Environment Variables:
JAVA_HOME=C:\Program Files\Microsoft\jdk-17.0.13.11-hotspot\
CLASSPATH=D:\native\MyWallet\android\\gradle\wrapper\gradle-wrapper.jar
PATH=C:\Users\huzai\AppData\Local\Temp\yarn--1736150359945-0.8278083898406934;D:\native\MyWallet\node_modules\.bin;C:\Users\huzai\AppData\Local\Yarn\Data\link\node_modules\.bin;C:\Users\huzai\AppData\Local\Yarn\bin;C:\Program Files\libexec\lib\node_modules\npm\bin\node-gyp-bin;C:\Program Files\lib\node_modules\npm\bin\node-gyp-bin;C:\Program Files\nodejs\node_modules\npm\bin\node-gyp-bin;C:\Program Files\Microsoft\jdk-17.0.13.11-hotspot\bin;C:\WINDOWS\system32;C:\WINDOWS;C:\WINDOWS\System32\Wbem;C:\WINDOWS\System32\WindowsPowerShell\v1.0\;C:\WINDOWS\System32\OpenSSH\;C:\Program Files\Intel\WiFi\bin\;C:\Program Files\Common Files\Intel\WirelessCommon\;C:\ProgramData\chocolatey\bin;C:\Program Files\nodejs\;%LOCALAPPDATA%\Android\Sdk\platform-tools;C:\Program Files\Git\cmd;C:\Users\huzai\AppData\Local\Android\Sdk\platform-tools;C:\Users\huzai\AppData\Local\Microsoft\WindowsApps;C:\Program Files\Intel\WiFi\bin\;C:\Program Files\Common Files\Intel\WirelessCommon\;C:\Users\huzai\AppData\Roaming\npm;C:\Users\huzai\AppData\Local\Android\Sdk\platform-tools;C:\Users\huzai\AppData\Local\Programs\Microsoft VS Code\bin;C:\Users\huzai\AppData\Local\Android\Sdk\platform-tools;
USERNAME=huzai
LANG=en_US.UTF-8
OS=Windows_NT
PROCESSOR_IDENTIFIER=Intel64 Family 6 Model 142 Stepping 10, GenuineIntel
TMP=C:\Users\huzai\AppData\Local\Temp
TEMP=C:\Users\huzai\AppData\Local\Temp



Periodic native trim disabled


---------------  S Y S T E M  ---------------

OS:
 Windows 11 , 64 bit Build 22621 (10.0.22621.4391)
OS uptime: 3 days 23:56 hours
Hyper-V role detected

CPU: total 8 (initial active 8) (4 cores per cpu, 2 threads per core) family 6 model 142 stepping 10 microcode 0xf4, cx8, cmov, fxsr, ht, mmx, 3dnowpref, sse, sse2, sse3, ssse3, sse4.1, sse4.2, popcnt, lzcnt, tsc, tscinvbit, avx, avx2, aes, erms, clmul, bmi1, bmi2, rtm, adx, fma, vzeroupper, clflush, clflushopt, hv
Processor Information for processor 0
  Max Mhz: 2112, Current Mhz: 1508, Mhz Limit: 1900
Processor Information for processor 1
  Max Mhz: 2112, Current Mhz: 1910, Mhz Limit: 1900
Processor Information for processor 2
  Max Mhz: 2112, Current Mhz: 1910, Mhz Limit: 1900
Processor Information for processor 3
  Max Mhz: 2112, Current Mhz: 1910, Mhz Limit: 1900
Processor Information for processor 4
  Max Mhz: 2112, Current Mhz: 1910, Mhz Limit: 1900
Processor Information for processor 5
  Max Mhz: 2112, Current Mhz: 1910, Mhz Limit: 1900
Processor Information for processor 6
  Max Mhz: 2112, Current Mhz: 1508, Mhz Limit: 1900
Processor Information for processor 7
  Max Mhz: 2112, Current Mhz: 1508, Mhz Limit: 1900

Memory: 4k page, system-wide physical 16222M (3429M free)
TotalPageFile size 16222M (AvailPageFile size 9M)
current process WorkingSet (physical memory assigned to process): 102M, peak: 112M
current process commit charge ("private bytes"): 167M, peak: 176M

vm_info: OpenJDK 64-Bit Server VM (17.0.13+11-LTS) for windows-amd64 JRE (17.0.13+11-LTS), built on Oct 11 2024 23:25:05 by "MicrosoftCorporation" with unknown MS VC++:1939

END.
