#
# There is insufficient memory for the Java Runtime Environment to continue.
# Native memory allocation (malloc) failed to allocate 32744 bytes. Error detail: ChunkPool::allocate
# Possible reasons:
#   The system is out of physical RAM or swap space
#   This process is running with CompressedOops enabled, and the Java Heap may be blocking the growth of the native heap
# Possible solutions:
#   Reduce memory load on the system
#   Increase physical memory or swap space
#   Check if swap backing store is full
#   Decrease Java heap size (-Xmx/-Xms)
#   Decrease number of Java threads
#   Decrease Java thread stack sizes (-Xss)
#   Set larger code cache with -XX:ReservedCodeCacheSize=
#   JVM is running with Unscaled Compressed Oops mode in which the Java heap is
#     placed in the first 4GB address space. The Java Heap base address is the
#     maximum limit for the native heap growth. Please use -XX:HeapBaseMinAddress
#     to set the Java Heap base and to place the Java Heap above 4GB virtual address.
# This output file may be truncated or incomplete.
#
#  Out of Memory Error (arena.cpp:79), pid=17704, tid=16032
#
# JRE version: OpenJDK Runtime Environment Microsoft-10376486 (17.0.13+11) (build 17.0.13+11-LTS)
# Java VM: OpenJDK 64-Bit Server VM Microsoft-10376486 (17.0.13+11-LTS, mixed mode, sharing, tiered, compressed oops, compressed class ptrs, g1 gc, windows-amd64)
# No core dump will be written. Minidumps are not enabled by default on client versions of Windows
#

---------------  S U M M A R Y ------------

Command Line: -Xmx64m -Xms64m -Dorg.gradle.appname=gradlew org.gradle.wrapper.GradleWrapperMain app:installDebug -PreactNativeDevServerPort=8081

Host: Intel(R) Core(TM) i7-8650U CPU @ 1.90GHz, 8 cores, 15G,  Windows 11 , 64 bit Build 22621 (10.0.22621.4391)
Time: Tue Jan  7 12:47:59 2025 Pakistan Standard Time elapsed time: 20.190822 seconds (0d 0h 0m 20s)

---------------  T H R E A D  ---------------

Current thread (0x000001ce74ef8610):  JavaThread "C2 CompilerThread0" daemon [_thread_in_native, id=16032, stack(0x0000008445c00000,0x0000008445d00000)]


Current CompileTask:
C2:  20191 1718       4       org.gradle.internal.logging.text.AbstractLineChoppingStyledTextOutput$1::execute (9 bytes)

Stack: [0x0000008445c00000,0x0000008445d00000]
Native frames: (J=compiled Java code, j=interpreted, Vv=VM code, C=native code)
V  [jvm.dll+0x687fc9]
V  [jvm.dll+0x83eeb8]
V  [jvm.dll+0x840963]
V  [jvm.dll+0x840fd3]
V  [jvm.dll+0x24951f]
V  [jvm.dll+0xad2cc]
V  [jvm.dll+0xad75c]
V  [jvm.dll+0xad1d4]
V  [jvm.dll+0x6651bc]
V  [jvm.dll+0x59334b]
V  [jvm.dll+0x58f4b1]
V  [jvm.dll+0x58f246]
V  [jvm.dll+0x58e468]
V  [jvm.dll+0x2237a2]
V  [jvm.dll+0x21c359]
V  [jvm.dll+0x219a7b]
V  [jvm.dll+0x1a5506]
V  [jvm.dll+0x22a1ca]
V  [jvm.dll+0x22830b]
V  [jvm.dll+0x7f4708]
V  [jvm.dll+0x7eea6c]
V  [jvm.dll+0x686ea7]
C  [ucrtbase.dll+0x29333]
C  [KERNEL32.DLL+0x1259d]
C  [ntdll.dll+0x5af38]


---------------  P R O C E S S  ---------------

Threads class SMR info:
_java_thread_list=0x000001ce79453460, length=13, elements={
0x000001ce6a484c40, 0x000001ce74ed97a0, 0x000001ce74eda620, 0x000001ce74eef080,
0x000001ce74ef1b50, 0x000001ce74ef2510, 0x000001ce74ef44f0, 0x000001ce74ef8610,
0x000001ce74f04d20, 0x000001ce74f0cc40, 0x000001ce790b6f90, 0x000001ce790bf180,
0x000001ce7a1d48a0
}

Java Threads: ( => current thread )
  0x000001ce6a484c40 JavaThread "main" [_thread_in_native, id=11096, stack(0x0000008444f00000,0x0000008445000000)]
  0x000001ce74ed97a0 JavaThread "Reference Handler" daemon [_thread_blocked, id=19172, stack(0x0000008445600000,0x0000008445700000)]
  0x000001ce74eda620 JavaThread "Finalizer" daemon [_thread_blocked, id=18224, stack(0x0000008445700000,0x0000008445800000)]
  0x000001ce74eef080 JavaThread "Signal Dispatcher" daemon [_thread_blocked, id=5996, stack(0x0000008445800000,0x0000008445900000)]
  0x000001ce74ef1b50 JavaThread "Attach Listener" daemon [_thread_blocked, id=18220, stack(0x0000008445900000,0x0000008445a00000)]
  0x000001ce74ef2510 JavaThread "Service Thread" daemon [_thread_blocked, id=5992, stack(0x0000008445a00000,0x0000008445b00000)]
  0x000001ce74ef44f0 JavaThread "Monitor Deflation Thread" daemon [_thread_blocked, id=12188, stack(0x0000008445b00000,0x0000008445c00000)]
=>0x000001ce74ef8610 JavaThread "C2 CompilerThread0" daemon [_thread_in_native, id=16032, stack(0x0000008445c00000,0x0000008445d00000)]
  0x000001ce74f04d20 JavaThread "C1 CompilerThread0" daemon [_thread_in_native, id=19344, stack(0x0000008445d00000,0x0000008445e00000)]
  0x000001ce74f0cc40 JavaThread "Sweeper thread" daemon [_thread_blocked, id=15004, stack(0x0000008445e00000,0x0000008445f00000)]
  0x000001ce790b6f90 JavaThread "Notification Thread" daemon [_thread_blocked, id=2796, stack(0x0000008445f00000,0x0000008446000000)]
  0x000001ce790bf180 JavaThread "Common-Cleaner" daemon [_thread_blocked, id=2336, stack(0x0000008446100000,0x0000008446200000)]
  0x000001ce7a1d48a0 JavaThread "pool-1-thread-1" [_thread_in_native, id=10148, stack(0x0000008446700000,0x0000008446800000)]

Other Threads:
  0x000001ce74ed4550 VMThread "VM Thread" [stack: 0x0000008445500000,0x0000008445600000] [id=10624]
  0x000001ce790b9ea0 WatcherThread [stack: 0x0000008446000000,0x0000008446100000] [id=19084]
  0x000001ce6a4a72e0 GCTaskThread "GC Thread#0" [stack: 0x0000008445000000,0x0000008445100000] [id=9276]
  0x000001ce799d5f50 GCTaskThread "GC Thread#1" [stack: 0x0000008446400000,0x0000008446500000] [id=9172]
  0x000001ce79961710 GCTaskThread "GC Thread#2" [stack: 0x0000008446500000,0x0000008446600000] [id=15112]
  0x000001ce796a1bc0 GCTaskThread "GC Thread#3" [stack: 0x0000008446600000,0x0000008446700000] [id=10168]
  0x000001ce7a5a4f90 GCTaskThread "GC Thread#4" [stack: 0x0000008446800000,0x0000008446900000] [id=2228]
  0x000001ce7a5a5250 GCTaskThread "GC Thread#5" [stack: 0x0000008446900000,0x0000008446a00000] [id=6272]
  0x000001ce7a610f60 GCTaskThread "GC Thread#6" [stack: 0x0000008446a00000,0x0000008446b00000] [id=1528]
  0x000001ce6a4a8a40 ConcurrentGCThread "G1 Main Marker" [stack: 0x0000008445100000,0x0000008445200000] [id=11796]
  0x000001ce6a4a9460 ConcurrentGCThread "G1 Conc#0" [stack: 0x0000008445200000,0x0000008445300000] [id=6772]
  0x000001ce6a528470 ConcurrentGCThread "G1 Refine#0" [stack: 0x0000008445300000,0x0000008445400000] [id=6492]
  0x000001ce6a528ea0 ConcurrentGCThread "G1 Service" [stack: 0x0000008445400000,0x0000008445500000] [id=6500]

Threads with active compile tasks:
C2 CompilerThread0    20231 1718       4       org.gradle.internal.logging.text.AbstractLineChoppingStyledTextOutput$1::execute (9 bytes)
C1 CompilerThread0    20231 1723       3       org.gradle.internal.logging.console.DefaultAnsiExecutor::positionCursorAt (181 bytes)

VM state: not at safepoint (normal execution)

VM Mutex/Monitor currently owned by a thread: None

Heap address: 0x00000000fc000000, size: 64 MB, Compressed Oops mode: 32-bit

CDS archive(s) mapped at: [0x000001ce0f000000-0x000001ce0fbb0000-0x000001ce0fbb0000), size 12255232, SharedBaseAddress: 0x000001ce0f000000, ArchiveRelocationMode: 1.
Compressed class space mapped at: 0x000001ce10000000-0x000001ce50000000, reserved size: 1073741824
Narrow klass base: 0x000001ce0f000000, Narrow klass shift: 0, Narrow klass range: 0x100000000

GC Precious Log:
 CPUs: 8 total, 8 available
 Memory: 16222M
 Large Page Support: Disabled
 NUMA Support: Disabled
 Compressed Oops: Enabled (32-bit)
 Heap Region Size: 1M
 Heap Min Capacity: 64M
 Heap Initial Capacity: 64M
 Heap Max Capacity: 64M
 Pre-touch: Disabled
 Parallel Workers: 8
 Concurrent Workers: 2
 Concurrent Refinement Workers: 8
 Periodic GC: Disabled

Heap:
 garbage-first heap   total 65536K, used 18650K [0x00000000fc000000, 0x0000000100000000)
  region size 1024K, 11 young (11264K), 4 survivors (4096K)
 Metaspace       used 9924K, committed 10112K, reserved 1114112K
  class space    used 1314K, committed 1408K, reserved 1048576K

Heap Regions: E=young(eden), S=young(survivor), O=old, HS=humongous(starts), HC=humongous(continues), CS=collection set, F=free, OA=open archive, CA=closed archive, TAMS=top-at-mark-start (previous, next)
|   0|0x00000000fc000000, 0x00000000fc100000, 0x00000000fc100000|100%| O|  |TAMS 0x00000000fc000000, 0x00000000fc000000| Untracked 
|   1|0x00000000fc100000, 0x00000000fc200000, 0x00000000fc200000|100%| O|  |TAMS 0x00000000fc100000, 0x00000000fc100000| Untracked 
|   2|0x00000000fc200000, 0x00000000fc300000, 0x00000000fc300000|100%|HS|  |TAMS 0x00000000fc200000, 0x00000000fc200000| Complete 
|   3|0x00000000fc300000, 0x00000000fc400000, 0x00000000fc400000|100%|HC|  |TAMS 0x00000000fc300000, 0x00000000fc300000| Complete 
|   4|0x00000000fc400000, 0x00000000fc500000, 0x00000000fc500000|100%|HC|  |TAMS 0x00000000fc400000, 0x00000000fc400000| Complete 
|   5|0x00000000fc500000, 0x00000000fc600000, 0x00000000fc600000|100%|HC|  |TAMS 0x00000000fc500000, 0x00000000fc500000| Complete 
|   6|0x00000000fc600000, 0x00000000fc700000, 0x00000000fc700000|100%| O|  |TAMS 0x00000000fc600000, 0x00000000fc600000| Untracked 
|   7|0x00000000fc700000, 0x00000000fc800000, 0x00000000fc800000|100%| O|  |TAMS 0x00000000fc700000, 0x00000000fc700000| Untracked 
|   8|0x00000000fc800000, 0x00000000fc894600, 0x00000000fc900000| 57%| O|  |TAMS 0x00000000fc800000, 0x00000000fc800000| Untracked 
|   9|0x00000000fc900000, 0x00000000fc900000, 0x00000000fca00000|  0%| F|  |TAMS 0x00000000fc900000, 0x00000000fc900000| Untracked 
|  10|0x00000000fca00000, 0x00000000fca00000, 0x00000000fcb00000|  0%| F|  |TAMS 0x00000000fca00000, 0x00000000fca00000| Untracked 
|  11|0x00000000fcb00000, 0x00000000fcb00000, 0x00000000fcc00000|  0%| F|  |TAMS 0x00000000fcb00000, 0x00000000fcb00000| Untracked 
|  12|0x00000000fcc00000, 0x00000000fcc00000, 0x00000000fcd00000|  0%| F|  |TAMS 0x00000000fcc00000, 0x00000000fcc00000| Untracked 
|  13|0x00000000fcd00000, 0x00000000fcd00000, 0x00000000fce00000|  0%| F|  |TAMS 0x00000000fcd00000, 0x00000000fcd00000| Untracked 
|  14|0x00000000fce00000, 0x00000000fce00000, 0x00000000fcf00000|  0%| F|  |TAMS 0x00000000fce00000, 0x00000000fce00000| Untracked 
|  15|0x00000000fcf00000, 0x00000000fcf00000, 0x00000000fd000000|  0%| F|  |TAMS 0x00000000fcf00000, 0x00000000fcf00000| Untracked 
|  16|0x00000000fd000000, 0x00000000fd000000, 0x00000000fd100000|  0%| F|  |TAMS 0x00000000fd000000, 0x00000000fd000000| Untracked 
|  17|0x00000000fd100000, 0x00000000fd100000, 0x00000000fd200000|  0%| F|  |TAMS 0x00000000fd100000, 0x00000000fd100000| Untracked 
|  18|0x00000000fd200000, 0x00000000fd200000, 0x00000000fd300000|  0%| F|  |TAMS 0x00000000fd200000, 0x00000000fd200000| Untracked 
|  19|0x00000000fd300000, 0x00000000fd300000, 0x00000000fd400000|  0%| F|  |TAMS 0x00000000fd300000, 0x00000000fd300000| Untracked 
|  20|0x00000000fd400000, 0x00000000fd400000, 0x00000000fd500000|  0%| F|  |TAMS 0x00000000fd400000, 0x00000000fd400000| Untracked 
|  21|0x00000000fd500000, 0x00000000fd500000, 0x00000000fd600000|  0%| F|  |TAMS 0x00000000fd500000, 0x00000000fd500000| Untracked 
|  22|0x00000000fd600000, 0x00000000fd600000, 0x00000000fd700000|  0%| F|  |TAMS 0x00000000fd600000, 0x00000000fd600000| Untracked 
|  23|0x00000000fd700000, 0x00000000fd700000, 0x00000000fd800000|  0%| F|  |TAMS 0x00000000fd700000, 0x00000000fd700000| Untracked 
|  24|0x00000000fd800000, 0x00000000fd800000, 0x00000000fd900000|  0%| F|  |TAMS 0x00000000fd800000, 0x00000000fd800000| Untracked 
|  25|0x00000000fd900000, 0x00000000fd900000, 0x00000000fda00000|  0%| F|  |TAMS 0x00000000fd900000, 0x00000000fd900000| Untracked 
|  26|0x00000000fda00000, 0x00000000fda00000, 0x00000000fdb00000|  0%| F|  |TAMS 0x00000000fda00000, 0x00000000fda00000| Untracked 
|  27|0x00000000fdb00000, 0x00000000fdb00000, 0x00000000fdc00000|  0%| F|  |TAMS 0x00000000fdb00000, 0x00000000fdb00000| Untracked 
|  28|0x00000000fdc00000, 0x00000000fdc00000, 0x00000000fdd00000|  0%| F|  |TAMS 0x00000000fdc00000, 0x00000000fdc00000| Untracked 
|  29|0x00000000fdd00000, 0x00000000fdd00000, 0x00000000fde00000|  0%| F|  |TAMS 0x00000000fdd00000, 0x00000000fdd00000| Untracked 
|  30|0x00000000fde00000, 0x00000000fdea24b8, 0x00000000fdf00000| 63%| S|CS|TAMS 0x00000000fde00000, 0x00000000fde00000| Complete 
|  31|0x00000000fdf00000, 0x00000000fe000000, 0x00000000fe000000|100%| S|CS|TAMS 0x00000000fdf00000, 0x00000000fdf00000| Complete 
|  32|0x00000000fe000000, 0x00000000fe100000, 0x00000000fe100000|100%| S|CS|TAMS 0x00000000fe000000, 0x00000000fe000000| Complete 
|  33|0x00000000fe100000, 0x00000000fe200000, 0x00000000fe200000|100%| S|CS|TAMS 0x00000000fe100000, 0x00000000fe100000| Complete 
|  34|0x00000000fe200000, 0x00000000fe200000, 0x00000000fe300000|  0%| F|  |TAMS 0x00000000fe200000, 0x00000000fe200000| Untracked 
|  35|0x00000000fe300000, 0x00000000fe300000, 0x00000000fe400000|  0%| F|  |TAMS 0x00000000fe300000, 0x00000000fe300000| Untracked 
|  36|0x00000000fe400000, 0x00000000fe400000, 0x00000000fe500000|  0%| F|  |TAMS 0x00000000fe400000, 0x00000000fe400000| Untracked 
|  37|0x00000000fe500000, 0x00000000fe500000, 0x00000000fe600000|  0%| F|  |TAMS 0x00000000fe500000, 0x00000000fe500000| Untracked 
|  38|0x00000000fe600000, 0x00000000fe600000, 0x00000000fe700000|  0%| F|  |TAMS 0x00000000fe600000, 0x00000000fe600000| Untracked 
|  39|0x00000000fe700000, 0x00000000fe700000, 0x00000000fe800000|  0%| F|  |TAMS 0x00000000fe700000, 0x00000000fe700000| Untracked 
|  40|0x00000000fe800000, 0x00000000fe800000, 0x00000000fe900000|  0%| F|  |TAMS 0x00000000fe800000, 0x00000000fe800000| Untracked 
|  41|0x00000000fe900000, 0x00000000fe900000, 0x00000000fea00000|  0%| F|  |TAMS 0x00000000fe900000, 0x00000000fe900000| Untracked 
|  42|0x00000000fea00000, 0x00000000fea00000, 0x00000000feb00000|  0%| F|  |TAMS 0x00000000fea00000, 0x00000000fea00000| Untracked 
|  43|0x00000000feb00000, 0x00000000feb00000, 0x00000000fec00000|  0%| F|  |TAMS 0x00000000feb00000, 0x00000000feb00000| Untracked 
|  44|0x00000000fec00000, 0x00000000fec00000, 0x00000000fed00000|  0%| F|  |TAMS 0x00000000fec00000, 0x00000000fec00000| Untracked 
|  45|0x00000000fed00000, 0x00000000fed00000, 0x00000000fee00000|  0%| F|  |TAMS 0x00000000fed00000, 0x00000000fed00000| Untracked 
|  46|0x00000000fee00000, 0x00000000fee00000, 0x00000000fef00000|  0%| F|  |TAMS 0x00000000fee00000, 0x00000000fee00000| Untracked 
|  47|0x00000000fef00000, 0x00000000fef00000, 0x00000000ff000000|  0%| F|  |TAMS 0x00000000fef00000, 0x00000000fef00000| Untracked 
|  48|0x00000000ff000000, 0x00000000ff000000, 0x00000000ff100000|  0%| F|  |TAMS 0x00000000ff000000, 0x00000000ff000000| Untracked 
|  49|0x00000000ff100000, 0x00000000ff100000, 0x00000000ff200000|  0%| F|  |TAMS 0x00000000ff100000, 0x00000000ff100000| Untracked 
|  50|0x00000000ff200000, 0x00000000ff200000, 0x00000000ff300000|  0%| F|  |TAMS 0x00000000ff200000, 0x00000000ff200000| Untracked 
|  51|0x00000000ff300000, 0x00000000ff300000, 0x00000000ff400000|  0%| F|  |TAMS 0x00000000ff300000, 0x00000000ff300000| Untracked 
|  52|0x00000000ff400000, 0x00000000ff400000, 0x00000000ff500000|  0%| F|  |TAMS 0x00000000ff400000, 0x00000000ff400000| Untracked 
|  53|0x00000000ff500000, 0x00000000ff500000, 0x00000000ff600000|  0%| F|  |TAMS 0x00000000ff500000, 0x00000000ff500000| Untracked 
|  54|0x00000000ff600000, 0x00000000ff600000, 0x00000000ff700000|  0%| F|  |TAMS 0x00000000ff600000, 0x00000000ff600000| Untracked 
|  55|0x00000000ff700000, 0x00000000ff700000, 0x00000000ff800000|  0%| F|  |TAMS 0x00000000ff700000, 0x00000000ff700000| Untracked 
|  56|0x00000000ff800000, 0x00000000ff800000, 0x00000000ff900000|  0%| F|  |TAMS 0x00000000ff800000, 0x00000000ff800000| Untracked 
|  57|0x00000000ff900000, 0x00000000ff920af8, 0x00000000ffa00000| 12%| E|  |TAMS 0x00000000ff900000, 0x00000000ff900000| Complete 
|  58|0x00000000ffa00000, 0x00000000ffb00000, 0x00000000ffb00000|100%| E|CS|TAMS 0x00000000ffa00000, 0x00000000ffa00000| Complete 
|  59|0x00000000ffb00000, 0x00000000ffc00000, 0x00000000ffc00000|100%| E|CS|TAMS 0x00000000ffb00000, 0x00000000ffb00000| Complete 
|  60|0x00000000ffc00000, 0x00000000ffd00000, 0x00000000ffd00000|100%| E|CS|TAMS 0x00000000ffc00000, 0x00000000ffc00000| Complete 
|  61|0x00000000ffd00000, 0x00000000ffe00000, 0x00000000ffe00000|100%| E|CS|TAMS 0x00000000ffd00000, 0x00000000ffd00000| Complete 
|  62|0x00000000ffe00000, 0x00000000fff00000, 0x00000000fff00000|100%| E|CS|TAMS 0x00000000ffe00000, 0x00000000ffe00000| Complete 
|  63|0x00000000fff00000, 0x0000000100000000, 0x0000000100000000|100%| E|CS|TAMS 0x00000000fff00000, 0x00000000fff00000| Complete 

Card table byte_map: [0x000001ce6a3b0000,0x000001ce6a3d0000] _byte_map_base: 0x000001ce69bd0000

Marking Bits (Prev, Next): (CMBitMap*) 0x000001ce6a4a7900, (CMBitMap*) 0x000001ce6a4a7940
 Prev Bits: [0x000001ce722f0000, 0x000001ce723f0000)
 Next Bits: [0x000001ce723f0000, 0x000001ce724f0000)

Polling page: 0x000001ce69c30000

Metaspace:

Usage:
  Non-class:      8.41 MB used.
      Class:      1.28 MB used.
       Both:      9.69 MB used.

Virtual space:
  Non-class space:       64.00 MB reserved,       8.50 MB ( 13%) committed,  1 nodes.
      Class space:        1.00 GB reserved,       1.38 MB ( <1%) committed,  1 nodes.
             Both:        1.06 GB reserved,       9.88 MB ( <1%) committed. 

Chunk freelists:
   Non-Class:  7.31 MB
       Class:  14.45 MB
        Both:  21.76 MB

MaxMetaspaceSize: unlimited
CompressedClassSpaceSize: 1.00 GB
Initial GC threshold: 21.00 MB
Current GC threshold: 21.00 MB
CDS: on
MetaspaceReclaimPolicy: balanced
 - commit_granule_bytes: 65536.
 - commit_granule_words: 8192.
 - virtual_space_node_default_size: 8388608.
 - enlarge_chunks_in_place: 1.
 - new_chunks_are_fully_committed: 0.
 - uncommit_free_chunks: 1.
 - use_allocation_guard: 0.
 - handle_deallocations: 1.


Internal statistics:

num_allocs_failed_limit: 0.
num_arena_births: 74.
num_arena_deaths: 0.
num_vsnodes_births: 2.
num_vsnodes_deaths: 0.
num_space_committed: 158.
num_space_uncommitted: 0.
num_chunks_returned_to_freelist: 0.
num_chunks_taken_from_freelist: 349.
num_chunk_merges: 0.
num_chunk_splits: 236.
num_chunks_enlarged: 197.
num_inconsistent_stats: 0.

CodeHeap 'non-profiled nmethods': size=120000Kb used=732Kb max_used=732Kb free=119267Kb
 bounds [0x000001ce07ad0000, 0x000001ce07d40000, 0x000001ce0f000000]
CodeHeap 'profiled nmethods': size=120000Kb used=3096Kb max_used=3096Kb free=116903Kb
 bounds [0x000001ce00000000, 0x000001ce00310000, 0x000001ce07530000]
CodeHeap 'non-nmethods': size=5760Kb used=1172Kb max_used=1200Kb free=4587Kb
 bounds [0x000001ce07530000, 0x000001ce077a0000, 0x000001ce07ad0000]
 total_blobs=2187 nmethods=1718 adapters=382
 compilation: enabled
              stopped_count=0, restarted_count=0
 full_count=0

Compilation events (20 events):
Event: 16.707 Thread 0x000001ce74f04d20 nmethod 1708 0x000001ce00302d90 code [0x000001ce00302f20, 0x000001ce00303098]
Event: 17.506 Thread 0x000001ce74f04d20 1709       3       java.util.concurrent.locks.ReentrantLock$Sync::isHeldExclusively (16 bytes)
Event: 17.506 Thread 0x000001ce74f04d20 nmethod 1709 0x000001ce00303110 code [0x000001ce003032a0, 0x000001ce00303438]
Event: 17.646 Thread 0x000001ce74f04d20 1710       3       java.lang.String::getChars (54 bytes)
Event: 17.646 Thread 0x000001ce74f04d20 nmethod 1710 0x000001ce00303510 code [0x000001ce00303700, 0x000001ce00303b58]
Event: 18.215 Thread 0x000001ce74f04d20 1711       3       java.util.concurrent.TimeUnit::convert (77 bytes)
Event: 18.216 Thread 0x000001ce74ef8610 1712       4       org.gradle.internal.logging.text.AbstractLineChoppingStyledTextOutput$StateContext::isCurrentCharEquals (70 bytes)
Event: 18.216 Thread 0x000001ce74f04d20 nmethod 1711 0x000001ce00303d10 code [0x000001ce00303f20, 0x000001ce003042c8]
Event: 18.218 Thread 0x000001ce74ef8610 nmethod 1712 0x000001ce07b86510 code [0x000001ce07b866a0, 0x000001ce07b86828]
Event: 19.121 Thread 0x000001ce74f04d20 1713       3       org.gradle.internal.logging.text.AbstractLineChoppingStyledTextOutput::doAppend (43 bytes)
Event: 19.121 Thread 0x000001ce74f04d20 nmethod 1713 0x000001ce00304490 code [0x000001ce00304680, 0x000001ce00304b48]
Event: 19.667 Thread 0x000001ce74f04d20 1714       1       org.gradle.internal.logging.text.AbstractLineChoppingStyledTextOutput::access$100 (5 bytes)
Event: 19.667 Thread 0x000001ce74f04d20 nmethod 1714 0x000001ce07b86a10 code [0x000001ce07b86ba0, 0x000001ce07b86c58]
Event: 19.667 Thread 0x000001ce74f04d20 1715       1       org.gradle.internal.logging.text.AbstractLineChoppingStyledTextOutput::access$200 (5 bytes)
Event: 19.667 Thread 0x000001ce74f04d20 nmethod 1715 0x000001ce07b86d10 code [0x000001ce07b86ea0, 0x000001ce07b86f58]
Event: 19.667 Thread 0x000001ce74f04d20 1716       1       org.gradle.internal.logging.text.AbstractLineChoppingStyledTextOutput::access$300 (5 bytes)
Event: 19.667 Thread 0x000001ce74f04d20 nmethod 1716 0x000001ce07b87010 code [0x000001ce07b871a0, 0x000001ce07b87258]
Event: 19.943 Thread 0x000001ce74f04d20 1717       3       java.nio.Buffer::hasRemaining (17 bytes)
Event: 19.943 Thread 0x000001ce74f04d20 nmethod 1717 0x000001ce00304d10 code [0x000001ce00304ea0, 0x000001ce00305018]
Event: 20.183 Thread 0x000001ce74ef8610 1718       4       org.gradle.internal.logging.text.AbstractLineChoppingStyledTextOutput$1::execute (9 bytes)

GC Heap History (4 events):
Event: 0.472 GC heap before
{Heap before GC invocations=0 (full 0):
 garbage-first heap   total 65536K, used 22528K [0x00000000fc000000, 0x0000000100000000)
  region size 1024K, 23 young (23552K), 0 survivors (0K)
 Metaspace       used 1829K, committed 1920K, reserved 1114112K
  class space    used 161K, committed 192K, reserved 1048576K
}
Event: 0.476 GC heap after
{Heap after GC invocations=1 (full 0):
 garbage-first heap   total 65536K, used 4664K [0x00000000fc000000, 0x0000000100000000)
  region size 1024K, 3 young (3072K), 3 survivors (3072K)
 Metaspace       used 1829K, committed 1920K, reserved 1114112K
  class space    used 161K, committed 192K, reserved 1048576K
}
Event: 1.188 GC heap before
{Heap before GC invocations=1 (full 0):
 garbage-first heap   total 65536K, used 35384K [0x00000000fc000000, 0x0000000100000000)
  region size 1024K, 30 young (30720K), 3 survivors (3072K)
 Metaspace       used 7805K, committed 8000K, reserved 1114112K
  class space    used 1068K, committed 1152K, reserved 1048576K
}
Event: 1.192 GC heap after
{Heap after GC invocations=2 (full 0):
 garbage-first heap   total 65536K, used 12506K [0x00000000fc000000, 0x0000000100000000)
  region size 1024K, 4 young (4096K), 4 survivors (4096K)
 Metaspace       used 7805K, committed 8000K, reserved 1114112K
  class space    used 1068K, committed 1152K, reserved 1048576K
}

Dll operation events (13 events):
Event: 0.008 Loaded shared library C:\Program Files\Microsoft\jdk-17.0.13.11-hotspot\bin\java.dll
Event: 0.022 Loaded shared library C:\Program Files\Microsoft\jdk-17.0.13.11-hotspot\bin\jsvml.dll
Event: 0.047 Loaded shared library C:\Program Files\Microsoft\jdk-17.0.13.11-hotspot\bin\net.dll
Event: 0.048 Loaded shared library C:\Program Files\Microsoft\jdk-17.0.13.11-hotspot\bin\nio.dll
Event: 0.050 Loaded shared library C:\Program Files\Microsoft\jdk-17.0.13.11-hotspot\bin\zip.dll
Event: 0.053 Loaded shared library C:\Program Files\Microsoft\jdk-17.0.13.11-hotspot\bin\verify.dll
Event: 0.375 Loaded shared library C:\Program Files\Microsoft\jdk-17.0.13.11-hotspot\bin\jimage.dll
Event: 0.837 Loaded shared library C:\Users\huzai\.gradle\native\c067742578af261105cb4f569cf0c3c89f3d7b1fecec35dd04571415982c5e48\windows-amd64\native-platform.dll
Event: 0.853 Loaded shared library C:\Users\huzai\.gradle\native\jansi\1.18\windows64\jansi.dll
Event: 0.988 Loaded shared library C:\Program Files\Microsoft\jdk-17.0.13.11-hotspot\bin\management.dll
Event: 0.990 Loaded shared library C:\Program Files\Microsoft\jdk-17.0.13.11-hotspot\bin\management_ext.dll
Event: 1.425 Loaded shared library C:\Program Files\Microsoft\jdk-17.0.13.11-hotspot\bin\extnet.dll
Event: 1.472 Loaded shared library C:\Program Files\Microsoft\jdk-17.0.13.11-hotspot\bin\sunmscapi.dll

Deoptimization events (20 events):
Event: 5.493 Thread 0x000001ce7a1d48a0 Uncommon trap: trap_request=0xffffff45 fr.pc=0x000001ce07b161d4 relative=0x0000000000000134
Event: 5.493 Thread 0x000001ce7a1d48a0 Uncommon trap: reason=unstable_if action=reinterpret pc=0x000001ce07b161d4 method=java.lang.AbstractStringBuilder.putStringAt(ILjava/lang/String;II)V @ 8 c2
Event: 5.493 Thread 0x000001ce7a1d48a0 DEOPT PACKING pc=0x000001ce07b161d4 sp=0x00000084467fe400
Event: 5.493 Thread 0x000001ce7a1d48a0 DEOPT UNPACKING pc=0x000001ce075869a3 sp=0x00000084467fe330 mode 2
Event: 5.857 Thread 0x000001ce6a484c40 DEOPT PACKING pc=0x000001ce002a4072 sp=0x0000008444ffcfb0
Event: 5.857 Thread 0x000001ce6a484c40 DEOPT UNPACKING pc=0x000001ce07587143 sp=0x0000008444ffc420 mode 0
Event: 5.938 Thread 0x000001ce6a484c40 Uncommon trap: trap_request=0xffffffc6 fr.pc=0x000001ce07b52fa0 relative=0x00000000000005c0
Event: 5.938 Thread 0x000001ce6a484c40 Uncommon trap: reason=bimorphic_or_optimized_type_check action=maybe_recompile pc=0x000001ce07b52fa0 method=java.util.concurrent.ConcurrentHashMap.get(Ljava/lang/Object;)Ljava/lang/Object; @ 149 c2
Event: 5.938 Thread 0x000001ce6a484c40 DEOPT PACKING pc=0x000001ce07b52fa0 sp=0x0000008444ffd490
Event: 5.938 Thread 0x000001ce6a484c40 DEOPT UNPACKING pc=0x000001ce075869a3 sp=0x0000008444ffd430 mode 2
Event: 6.015 Thread 0x000001ce6a484c40 Uncommon trap: trap_request=0xffffffc6 fr.pc=0x000001ce07b52fa0 relative=0x00000000000005c0
Event: 6.015 Thread 0x000001ce6a484c40 Uncommon trap: reason=bimorphic_or_optimized_type_check action=maybe_recompile pc=0x000001ce07b52fa0 method=java.util.concurrent.ConcurrentHashMap.get(Ljava/lang/Object;)Ljava/lang/Object; @ 149 c2
Event: 6.015 Thread 0x000001ce6a484c40 DEOPT PACKING pc=0x000001ce07b52fa0 sp=0x0000008444ffd490
Event: 6.015 Thread 0x000001ce6a484c40 DEOPT UNPACKING pc=0x000001ce075869a3 sp=0x0000008444ffd430 mode 2
Event: 6.030 Thread 0x000001ce6a484c40 DEOPT PACKING pc=0x000001ce002a4072 sp=0x0000008444ffce40
Event: 6.030 Thread 0x000001ce6a484c40 DEOPT UNPACKING pc=0x000001ce07587143 sp=0x0000008444ffc2b0 mode 0
Event: 6.227 Thread 0x000001ce6a484c40 DEOPT PACKING pc=0x000001ce002a4072 sp=0x0000008444ffcdd0
Event: 6.227 Thread 0x000001ce6a484c40 DEOPT UNPACKING pc=0x000001ce07587143 sp=0x0000008444ffc240 mode 0
Event: 6.409 Thread 0x000001ce6a484c40 DEOPT PACKING pc=0x000001ce002a4072 sp=0x0000008444ffcdd0
Event: 6.409 Thread 0x000001ce6a484c40 DEOPT UNPACKING pc=0x000001ce07587143 sp=0x0000008444ffc240 mode 0

Classes loaded (20 events):
Event: 4.708 Loading class jdk/internal/logger/LazyLoggers$LazyLoggerFactories
Event: 4.708 Loading class jdk/internal/logger/LazyLoggers$LazyLoggerFactories done
Event: 4.708 Loading class jdk/internal/logger/LoggerFinderLoader
Event: 4.708 Loading class jdk/internal/logger/LoggerFinderLoader done
Event: 4.709 Loading class jdk/internal/logger/LoggerFinderLoader$TemporaryLoggerFinder
Event: 4.709 Loading class jdk/internal/logger/LoggerFinderLoader$TemporaryLoggerFinder done
Event: 4.709 Loading class sun/util/logging/internal/LoggingProviderImpl$JULWrapper
Event: 4.709 Loading class sun/util/logging/PlatformLogger$ConfigurableBridge$LoggerConfiguration
Event: 4.709 Loading class sun/util/logging/PlatformLogger$ConfigurableBridge$LoggerConfiguration done
Event: 4.709 Loading class sun/util/logging/internal/LoggingProviderImpl$JULWrapper done
Event: 4.709 Loading class java/io/ObjectInputFilter
Event: 4.709 Loading class java/io/ObjectInputFilter done
Event: 4.710 Loading class java/io/ObjectInputFilter$Config$BuiltinFilterFactory
Event: 4.710 Loading class java/io/ObjectInputFilter$Config$BuiltinFilterFactory done
Event: 4.710 Loading class jdk/internal/access/JavaObjectInputFilterAccess
Event: 4.710 Loading class jdk/internal/access/JavaObjectInputFilterAccess done
Event: 4.710 Loading class java/lang/System$Logger$Level
Event: 4.710 Loading class java/lang/System$Logger$Level done
Event: 4.710 Loading class java/io/Bits
Event: 4.710 Loading class java/io/Bits done

Classes unloaded (0 events):
No events

Classes redefined (0 events):
No events

Internal exceptions (20 events):
Event: 0.126 Thread 0x000001ce6a484c40 Exception <a 'java/lang/NoSuchMethodError'{0x00000000ffdeed38}: 'int java.lang.invoke.DirectMethodHandle$Holder.invokeStaticInit(java.lang.Object, java.lang.Object)'> (0x00000000ffdeed38) 
thrown [s\src\hotspot\share\interpreter\linkResolver.cpp, line 759]
Event: 0.743 Thread 0x000001ce6a484c40 Exception <a 'java/lang/NoSuchMethodError'{0x00000000ff6a3b28}: 'void java.lang.invoke.DirectMethodHandle$Holder.invokeStatic(java.lang.Object, java.lang.Object)'> (0x00000000ff6a3b28) 
thrown [s\src\hotspot\share\interpreter\linkResolver.cpp, line 759]
Event: 0.774 Thread 0x000001ce6a484c40 Exception <a 'java/lang/NoClassDefFoundError'{0x00000000ff55c4d8}: org/slf4j/impl/StaticMarkerBinder> (0x00000000ff55c4d8) 
thrown [s\src\hotspot\share\classfile\systemDictionary.cpp, line 245]
Event: 0.812 Thread 0x000001ce6a484c40 Exception <a 'java/lang/NoSuchMethodError'{0x00000000ff43ba20}: 'java.lang.Object java.lang.invoke.Invokers$Holder.invoker(java.lang.Object, java.lang.Object, java.lang.Object)'> (0x00000000ff43ba20) 
thrown [s\src\hotspot\share\interpreter\linkResolver.cpp, line 759]
Event: 0.813 Thread 0x000001ce6a484c40 Exception <a 'java/lang/NoSuchMethodError'{0x00000000ff444b78}: 'java.lang.Object java.lang.invoke.DirectMethodHandle$Holder.invokeStatic(java.lang.Object, java.lang.Object, int)'> (0x00000000ff444b78) 
thrown [s\src\hotspot\share\interpreter\linkResolver.cpp, line 759]
Event: 0.814 Thread 0x000001ce6a484c40 Exception <a 'java/lang/NoSuchMethodError'{0x00000000ff450868}: 'void java.lang.invoke.DelegatingMethodHandle$Holder.delegate(java.lang.Object, java.lang.Object, int, java.lang.Object)'> (0x00000000ff450868) 
thrown [s\src\hotspot\share\interpreter\linkResolver.cpp, line 759]
Event: 0.814 Thread 0x000001ce6a484c40 Exception <a 'java/lang/NoSuchMethodError'{0x00000000ff4548a0}: 'int java.lang.invoke.DirectMethodHandle$Holder.invokeSpecial(java.lang.Object, java.lang.Object, java.lang.Object)'> (0x00000000ff4548a0) 
thrown [s\src\hotspot\share\interpreter\linkResolver.cpp, line 759]
Event: 0.817 Thread 0x000001ce6a484c40 Exception <a 'java/lang/NoSuchMethodError'{0x00000000ff4679b0}: 'java.lang.Object java.lang.invoke.Invokers$Holder.invokeExact_MT(java.lang.Object, java.lang.Object, java.lang.Object, java.lang.Object)'> (0x00000000ff4679b0) 
thrown [s\src\hotspot\share\interpreter\linkResolver.cpp, line 759]
Event: 0.826 Thread 0x000001ce6a484c40 Exception <a 'java/lang/NoSuchMethodError'{0x00000000ff4a1690}: 'java.lang.Object java.lang.invoke.DirectMethodHandle$Holder.invokeVirtual(java.lang.Object, java.lang.Object, java.lang.Object)'> (0x00000000ff4a1690) 
thrown [s\src\hotspot\share\interpreter\linkResolver.cpp, line 759]
Event: 0.909 Thread 0x000001ce6a484c40 Exception <a 'java/lang/NoSuchMethodError'{0x00000000ff0f0b58}: 'java.lang.Object java.lang.invoke.DirectMethodHandle$Holder.newInvokeSpecial(java.lang.Object, java.lang.Object, java.lang.Object, java.lang.Object, java.lang.Object)'> (0x00000000ff0f0b58) 
thrown [s\src\hotspot\share\interpreter\linkResolver.cpp, line 759]
Event: 0.961 Thread 0x000001ce6a484c40 Exception <a 'java/lang/NoSuchMethodError'{0x00000000fedbdc70}: 'void java.lang.invoke.DirectMethodHandle$Holder.invokeSpecial(java.lang.Object, java.lang.Object, java.lang.Object)'> (0x00000000fedbdc70) 
thrown [s\src\hotspot\share\interpreter\linkResolver.cpp, line 759]
Event: 0.970 Thread 0x000001ce6a484c40 Implicit null exception at 0x000001ce07b3090f to 0x000001ce07b30e80
Event: 0.970 Thread 0x000001ce6a484c40 Implicit null exception at 0x000001ce07b1a80f to 0x000001ce07b1ad98
Event: 0.987 Thread 0x000001ce6a484c40 Exception <a 'java/lang/NoSuchMethodError'{0x00000000feb33898}: 'java.lang.Object java.lang.invoke.DirectMethodHandle$Holder.invokeStaticInit(java.lang.Object)'> (0x00000000feb33898) 
thrown [s\src\hotspot\share\interpreter\linkResolver.cpp, line 759]
Event: 1.007 Thread 0x000001ce6a484c40 Exception <a 'java/lang/NoSuchMethodError'{0x00000000fea20bb0}: 'int java.lang.invoke.DirectMethodHandle$Holder.invokeVirtual(java.lang.Object, java.lang.Object, java.lang.Object)'> (0x00000000fea20bb0) 
thrown [s\src\hotspot\share\interpreter\linkResolver.cpp, line 759]
Event: 1.046 Thread 0x000001ce6a484c40 Exception <a 'java/lang/NoSuchMethodError'{0x00000000fe572f48}: 'java.lang.Object java.lang.invoke.DirectMethodHandle$Holder.invokeSpecialIFC(java.lang.Object, java.lang.Object, java.lang.Object, java.lang.Object)'> (0x00000000fe572f48) 
thrown [s\src\hotspot\share\interpreter\linkResolver.cpp, line 759]
Event: 1.094 Thread 0x000001ce6a484c40 Exception <a 'java/lang/NoSuchMethodError'{0x00000000fe23cf00}: 'java.lang.Object java.lang.invoke.DirectMethodHandle$Holder.invokeStaticInit(java.lang.Object, int, int, int, int)'> (0x00000000fe23cf00) 
thrown [s\src\hotspot\share\interpreter\linkResolver.cpp, line 759]
Event: 1.195 Thread 0x000001ce6a484c40 Exception <a 'java/lang/NoSuchMethodError'{0x00000000fff1e318}: 'java.lang.Object java.lang.invoke.DirectMethodHandle$Holder.invokeStaticInit(java.lang.Object, java.lang.Object, int, int, int, int)'> (0x00000000fff1e318) 
thrown [s\src\hotspot\share\interpreter\linkResolver.cpp, line 759]
Event: 1.427 Thread 0x000001ce6a484c40 Exception <a 'java/lang/NoSuchMethodError'{0x00000000fff53740}: 'void java.lang.invoke.DirectMethodHandle$Holder.invokeStatic(java.lang.Object, java.lang.Object, java.lang.Object)'> (0x00000000fff53740) 
thrown [s\src\hotspot\share\interpreter\linkResolver.cpp, line 759]
Event: 1.450 Thread 0x000001ce6a484c40 Implicit null exception at 0x000001ce07b165f2 to 0x000001ce07b16c0c

VM Operations (20 events):
Event: 4.186 Executing VM operation: Cleanup
Event: 4.186 Executing VM operation: Cleanup done
Event: 5.201 Executing VM operation: Cleanup
Event: 5.201 Executing VM operation: Cleanup done
Event: 6.212 Executing VM operation: Cleanup
Event: 6.212 Executing VM operation: Cleanup done
Event: 7.215 Executing VM operation: Cleanup
Event: 7.215 Executing VM operation: Cleanup done
Event: 8.222 Executing VM operation: Cleanup
Event: 8.222 Executing VM operation: Cleanup done
Event: 10.235 Executing VM operation: Cleanup
Event: 10.235 Executing VM operation: Cleanup done
Event: 14.281 Executing VM operation: Cleanup
Event: 14.281 Executing VM operation: Cleanup done
Event: 16.297 Executing VM operation: Cleanup
Event: 16.297 Executing VM operation: Cleanup done
Event: 18.307 Executing VM operation: Cleanup
Event: 18.307 Executing VM operation: Cleanup done
Event: 19.308 Executing VM operation: Cleanup
Event: 19.308 Executing VM operation: Cleanup done

Memory protections (0 events):
No events

Nmethod flushes (0 events):
No events

Events (20 events):
Event: 0.024 Thread 0x000001ce6a484c40 Thread added: 0x000001ce74ed97a0
Event: 0.024 Thread 0x000001ce6a484c40 Thread added: 0x000001ce74eda620
Event: 0.032 Thread 0x000001ce6a484c40 Thread added: 0x000001ce74eef080
Event: 0.032 Thread 0x000001ce6a484c40 Thread added: 0x000001ce74ef1b50
Event: 0.032 Thread 0x000001ce6a484c40 Thread added: 0x000001ce74ef2510
Event: 0.032 Thread 0x000001ce6a484c40 Thread added: 0x000001ce74ef44f0
Event: 0.032 Thread 0x000001ce6a484c40 Thread added: 0x000001ce74ef8610
Event: 0.032 Thread 0x000001ce6a484c40 Thread added: 0x000001ce74f04d20
Event: 0.032 Thread 0x000001ce6a484c40 Thread added: 0x000001ce74f0cc40
Event: 0.044 Thread 0x000001ce6a484c40 Thread added: 0x000001ce790b6f90
Event: 0.045 Thread 0x000001ce6a484c40 Thread added: 0x000001ce790bf180
Event: 0.369 Thread 0x000001ce74f04d20 Thread added: 0x000001ce74f06260
Event: 0.376 Thread 0x000001ce74f04d20 Thread added: 0x000001ce74f067b0
Event: 0.878 Thread 0x000001ce6a484c40 Thread added: 0x000001ce7a1d48a0
Event: 1.421 Thread 0x000001ce74f067b0 Thread exited: 0x000001ce74f067b0
Event: 1.421 Thread 0x000001ce74f06260 Thread exited: 0x000001ce74f06260
Event: 1.499 Thread 0x000001ce74f04d20 Thread added: 0x000001ce74f067b0
Event: 1.500 Thread 0x000001ce74f04d20 Thread added: 0x000001ce74f057c0
Event: 1.764 Thread 0x000001ce74f057c0 Thread exited: 0x000001ce74f057c0
Event: 1.784 Thread 0x000001ce74f067b0 Thread exited: 0x000001ce74f067b0


Dynamic libraries:
0x00007ff65ade0000 - 0x00007ff65adee000 	C:\Program Files\Microsoft\jdk-17.0.13.11-hotspot\bin\java.exe
0x00007ffebf070000 - 0x00007ffebf287000 	C:\WINDOWS\SYSTEM32\ntdll.dll
0x00007ffebd9d0000 - 0x00007ffebda94000 	C:\WINDOWS\System32\KERNEL32.DLL
0x00007ffebc6b0000 - 0x00007ffebca69000 	C:\WINDOWS\System32\KERNELBASE.dll
0x00007ffebc370000 - 0x00007ffebc481000 	C:\WINDOWS\System32\ucrtbase.dll
0x00007ffe92d00000 - 0x00007ffe92d1d000 	C:\Program Files\Microsoft\jdk-17.0.13.11-hotspot\bin\VCRUNTIME140.dll
0x00007ffe92d20000 - 0x00007ffe92d37000 	C:\Program Files\Microsoft\jdk-17.0.13.11-hotspot\bin\jli.dll
0x00007ffebcda0000 - 0x00007ffebcf4e000 	C:\WINDOWS\System32\USER32.dll
0x00007ffea7ce0000 - 0x00007ffea7f72000 	C:\WINDOWS\WinSxS\amd64_microsoft.windows.common-controls_6595b64144ccf1df_6.0.22621.4391_none_2715d37f73803e96\COMCTL32.dll
0x00007ffebcc40000 - 0x00007ffebcc66000 	C:\WINDOWS\System32\win32u.dll
0x00007ffebd100000 - 0x00007ffebd1a7000 	C:\WINDOWS\System32\msvcrt.dll
0x00007ffebd2e0000 - 0x00007ffebd309000 	C:\WINDOWS\System32\GDI32.dll
0x00007ffebcc70000 - 0x00007ffebcd8b000 	C:\WINDOWS\System32\gdi32full.dll
0x00007ffebcba0000 - 0x00007ffebcc3a000 	C:\WINDOWS\System32\msvcp_win.dll
0x00007ffebe040000 - 0x00007ffebe071000 	C:\WINDOWS\System32\IMM32.DLL
0x00007ffea4090000 - 0x00007ffea409c000 	C:\Program Files\Microsoft\jdk-17.0.13.11-hotspot\bin\vcruntime140_1.dll
0x00007ffe53560000 - 0x00007ffe535ed000 	C:\Program Files\Microsoft\jdk-17.0.13.11-hotspot\bin\msvcp140.dll
0x00007ffe47770000 - 0x00007ffe483e1000 	C:\Program Files\Microsoft\jdk-17.0.13.11-hotspot\bin\server\jvm.dll
0x00007ffebee60000 - 0x00007ffebef12000 	C:\WINDOWS\System32\ADVAPI32.dll
0x00007ffebd370000 - 0x00007ffebd417000 	C:\WINDOWS\System32\sechost.dll
0x00007ffebc680000 - 0x00007ffebc6a8000 	C:\WINDOWS\System32\bcrypt.dll
0x00007ffebd1b0000 - 0x00007ffebd2c4000 	C:\WINDOWS\System32\RPCRT4.dll
0x00007ffebdaa0000 - 0x00007ffebdb11000 	C:\WINDOWS\System32\WS2_32.dll
0x00007ffebb1c0000 - 0x00007ffebb20d000 	C:\WINDOWS\SYSTEM32\POWRPROF.dll
0x00007ffeb4e60000 - 0x00007ffeb4e94000 	C:\WINDOWS\SYSTEM32\WINMM.dll
0x00007ffeb9a30000 - 0x00007ffeb9a3a000 	C:\WINDOWS\SYSTEM32\VERSION.dll
0x00007ffebb1a0000 - 0x00007ffebb1b3000 	C:\WINDOWS\SYSTEM32\UMPDC.dll
0x00007ffebb460000 - 0x00007ffebb478000 	C:\WINDOWS\SYSTEM32\kernel.appcore.dll
0x00007ffeaf4a0000 - 0x00007ffeaf4aa000 	C:\Program Files\Microsoft\jdk-17.0.13.11-hotspot\bin\jimage.dll
0x00007ffeb9560000 - 0x00007ffeb9792000 	C:\WINDOWS\SYSTEM32\DBGHELP.DLL
0x00007ffebdcb0000 - 0x00007ffebe03f000 	C:\WINDOWS\System32\combase.dll
0x00007ffebdb70000 - 0x00007ffebdc47000 	C:\WINDOWS\System32\OLEAUT32.dll
0x00007ffea6b80000 - 0x00007ffea6bb2000 	C:\WINDOWS\SYSTEM32\dbgcore.DLL
0x00007ffebc600000 - 0x00007ffebc67b000 	C:\WINDOWS\System32\bcryptPrimitives.dll
0x00007ffe92d80000 - 0x00007ffe92da5000 	C:\Program Files\Microsoft\jdk-17.0.13.11-hotspot\bin\java.dll
0x00007ffe51d70000 - 0x00007ffe51e47000 	C:\Program Files\Microsoft\jdk-17.0.13.11-hotspot\bin\jsvml.dll
0x00007ffebe080000 - 0x00007ffebe8f6000 	C:\WINDOWS\System32\SHELL32.dll
0x00007ffeba270000 - 0x00007ffebab73000 	C:\WINDOWS\SYSTEM32\windows.storage.dll
0x00007ffeba130000 - 0x00007ffeba26f000 	C:\WINDOWS\SYSTEM32\wintypes.dll
0x00007ffebd8a0000 - 0x00007ffebd999000 	C:\WINDOWS\System32\SHCORE.dll
0x00007ffebdc50000 - 0x00007ffebdcae000 	C:\WINDOWS\System32\shlwapi.dll
0x00007ffebc2a0000 - 0x00007ffebc2cb000 	C:\WINDOWS\SYSTEM32\profapi.dll
0x00007ffe91b80000 - 0x00007ffe91b9a000 	C:\Program Files\Microsoft\jdk-17.0.13.11-hotspot\bin\net.dll
0x00007ffeb8510000 - 0x00007ffeb8646000 	C:\WINDOWS\SYSTEM32\WINHTTP.dll
0x00007ffebb8d0000 - 0x00007ffebb939000 	C:\WINDOWS\system32\mswsock.dll
0x00007ffe91b60000 - 0x00007ffe91b76000 	C:\Program Files\Microsoft\jdk-17.0.13.11-hotspot\bin\nio.dll
0x00007ffe8b7f0000 - 0x00007ffe8b808000 	C:\Program Files\Microsoft\jdk-17.0.13.11-hotspot\bin\zip.dll
0x00007ffea6a20000 - 0x00007ffea6a30000 	C:\Program Files\Microsoft\jdk-17.0.13.11-hotspot\bin\verify.dll
0x00007ffea6e50000 - 0x00007ffea6e77000 	C:\Users\huzai\.gradle\native\c067742578af261105cb4f569cf0c3c89f3d7b1fecec35dd04571415982c5e48\windows-amd64\native-platform.dll
0x00007ffeb5090000 - 0x00007ffeb509a000 	C:\Users\huzai\.gradle\native\jansi\1.18\windows64\jansi.dll
0x00007ffea25d0000 - 0x00007ffea25da000 	C:\Program Files\Microsoft\jdk-17.0.13.11-hotspot\bin\management.dll
0x00007ffea1870000 - 0x00007ffea187b000 	C:\Program Files\Microsoft\jdk-17.0.13.11-hotspot\bin\management_ext.dll
0x00007ffebd9c0000 - 0x00007ffebd9c8000 	C:\WINDOWS\System32\PSAPI.DLL
0x00007ffebbc20000 - 0x00007ffebbc3b000 	C:\WINDOWS\SYSTEM32\CRYPTSP.dll
0x00007ffebb3c0000 - 0x00007ffebb3f5000 	C:\WINDOWS\system32\rsaenh.dll
0x00007ffebb970000 - 0x00007ffebb998000 	C:\WINDOWS\SYSTEM32\USERENV.dll
0x00007ffebbc00000 - 0x00007ffebbc0c000 	C:\WINDOWS\SYSTEM32\CRYPTBASE.dll
0x00007ffebae90000 - 0x00007ffebaebd000 	C:\WINDOWS\SYSTEM32\IPHLPAPI.DLL
0x00007ffebef20000 - 0x00007ffebef29000 	C:\WINDOWS\System32\NSI.dll
0x00007ffeb6090000 - 0x00007ffeb60a9000 	C:\WINDOWS\SYSTEM32\dhcpcsvc6.DLL
0x00007ffeb6070000 - 0x00007ffeb608f000 	C:\WINDOWS\SYSTEM32\dhcpcsvc.DLL
0x00007ffebaec0000 - 0x00007ffebafc2000 	C:\WINDOWS\SYSTEM32\DNSAPI.dll
0x00007ffe9d720000 - 0x00007ffe9d729000 	C:\Program Files\Microsoft\jdk-17.0.13.11-hotspot\bin\extnet.dll
0x00007ffe9f930000 - 0x00007ffe9f93e000 	C:\Program Files\Microsoft\jdk-17.0.13.11-hotspot\bin\sunmscapi.dll
0x00007ffebc490000 - 0x00007ffebc5f6000 	C:\WINDOWS\System32\CRYPT32.dll
0x00007ffebbd30000 - 0x00007ffebbd5d000 	C:\WINDOWS\SYSTEM32\ncrypt.dll
0x00007ffebbcf0000 - 0x00007ffebbd27000 	C:\WINDOWS\SYSTEM32\NTASN1.dll
0x00007ffe9d800000 - 0x00007ffe9d808000 	C:\WINDOWS\system32\wshunix.dll

dbghelp: loaded successfully - version: 4.0.5 - missing functions: none
symbol engine: initialized successfully - sym options: 0x614 - pdb path: .;C:\Program Files\Microsoft\jdk-17.0.13.11-hotspot\bin;C:\WINDOWS\SYSTEM32;C:\WINDOWS\WinSxS\amd64_microsoft.windows.common-controls_6595b64144ccf1df_6.0.22621.4391_none_2715d37f73803e96;C:\Program Files\Microsoft\jdk-17.0.13.11-hotspot\bin\server;C:\Users\huzai\.gradle\native\c067742578af261105cb4f569cf0c3c89f3d7b1fecec35dd04571415982c5e48\windows-amd64;C:\Users\huzai\.gradle\native\jansi\1.18\windows64

VM Arguments:
jvm_args: -Xmx64m -Xms64m -Dorg.gradle.appname=gradlew 
java_command: org.gradle.wrapper.GradleWrapperMain app:installDebug -PreactNativeDevServerPort=8081
java_class_path (initial): D:\native\MyWallet\android\\gradle\wrapper\gradle-wrapper.jar
Launcher Type: SUN_STANDARD

[Global flags]
     intx CICompilerCount                          = 4                                         {product} {ergonomic}
     uint ConcGCThreads                            = 2                                         {product} {ergonomic}
     uint G1ConcRefinementThreads                  = 8                                         {product} {ergonomic}
   size_t G1HeapRegionSize                         = 1048576                                   {product} {ergonomic}
    uintx GCDrainStackTargetSize                   = 64                                        {product} {ergonomic}
   size_t InitialHeapSize                          = 67108864                                  {product} {command line}
   size_t MarkStackSize                            = 4194304                                   {product} {ergonomic}
   size_t MaxHeapSize                              = 67108864                                  {product} {command line}
   size_t MaxNewSize                               = 39845888                                  {product} {ergonomic}
   size_t MinHeapDeltaBytes                        = 1048576                                   {product} {ergonomic}
   size_t MinHeapSize                              = 67108864                                  {product} {command line}
    uintx NonNMethodCodeHeapSize                   = 5839372                                {pd product} {ergonomic}
    uintx NonProfiledCodeHeapSize                  = 122909434                              {pd product} {ergonomic}
    uintx ProfiledCodeHeapSize                     = 122909434                              {pd product} {ergonomic}
    uintx ReservedCodeCacheSize                    = 251658240                              {pd product} {ergonomic}
     bool SegmentedCodeCache                       = true                                      {product} {ergonomic}
   size_t SoftMaxHeapSize                          = 67108864                               {manageable} {ergonomic}
     bool UseCompressedClassPointers               = true                           {product lp64_product} {ergonomic}
     bool UseCompressedOops                        = true                           {product lp64_product} {ergonomic}
     bool UseG1GC                                  = true                                      {product} {ergonomic}
     bool UseLargePagesIndividualAllocation        = false                                  {pd product} {ergonomic}

Logging:
Log output configuration:
 #0: stdout all=warning uptime,level,tags
 #1: stderr all=off uptime,level,tags

Environment Variables:
JAVA_HOME=C:\Program Files\Microsoft\jdk-17.0.13.11-hotspot\
CLASSPATH=D:\native\MyWallet\android\\gradle\wrapper\gradle-wrapper.jar
PATH=C:\Users\huzai\AppData\Local\Temp\yarn--1736236058076-0.8883007527573707;D:\native\MyWallet\node_modules\.bin;C:\Users\huzai\AppData\Local\Yarn\Data\link\node_modules\.bin;C:\Users\huzai\AppData\Local\Yarn\bin;C:\Program Files\libexec\lib\node_modules\npm\bin\node-gyp-bin;C:\Program Files\lib\node_modules\npm\bin\node-gyp-bin;C:\Program Files\nodejs\node_modules\npm\bin\node-gyp-bin;C:\Program Files\Microsoft\jdk-17.0.13.11-hotspot\bin;C:\WINDOWS\system32;C:\WINDOWS;C:\WINDOWS\System32\Wbem;C:\WINDOWS\System32\WindowsPowerShell\v1.0\;C:\WINDOWS\System32\OpenSSH\;C:\Program Files\Intel\WiFi\bin\;C:\Program Files\Common Files\Intel\WirelessCommon\;C:\ProgramData\chocolatey\bin;C:\Program Files\nodejs\;%LOCALAPPDATA%\Android\Sdk\platform-tools;C:\Program Files\Git\cmd;C:\Users\huzai\AppData\Local\Android\Sdk\platform-tools;C:\Users\huzai\AppData\Local\Microsoft\WindowsApps;C:\Program Files\Intel\WiFi\bin\;C:\Program Files\Common Files\Intel\WirelessCommon\;C:\Users\huzai\AppData\Roaming\npm;C:\Users\huzai\AppData\Local\Android\Sdk\platform-tools;C:\Users\huzai\AppData\Local\Programs\Microsoft VS Code\bin;C:\Users\huzai\AppData\Local\Android\Sdk\platform-tools;
USERNAME=huzai
LANG=en_US.UTF-8
OS=Windows_NT
PROCESSOR_IDENTIFIER=Intel64 Family 6 Model 142 Stepping 10, GenuineIntel
TMP=C:\Users\huzai\AppData\Local\Temp
TEMP=C:\Users\huzai\AppData\Local\Temp



Periodic native trim disabled


---------------  S Y S T E M  ---------------

OS:
 Windows 11 , 64 bit Build 22621 (10.0.22621.4391)
OS uptime: 0 days 23:04 hours
Hyper-V role detected

CPU: total 8 (initial active 8) (4 cores per cpu, 2 threads per core) family 6 model 142 stepping 10 microcode 0xf4, cx8, cmov, fxsr, ht, mmx, 3dnowpref, sse, sse2, sse3, ssse3, sse4.1, sse4.2, popcnt, lzcnt, tsc, tscinvbit, avx, avx2, aes, erms, clmul, bmi1, bmi2, rtm, adx, fma, vzeroupper, clflush, clflushopt, hv
Processor Information for the first 8 processors :
  Max Mhz: 2112, Current Mhz: 1910, Mhz Limit: 1900

Memory: 4k page, system-wide physical 16222M (2113M free)
TotalPageFile size 16222M (AvailPageFile size 46M)
current process WorkingSet (physical memory assigned to process): 102M, peak: 113M
current process commit charge ("private bytes"): 165M, peak: 177M

vm_info: OpenJDK 64-Bit Server VM (17.0.13+11-LTS) for windows-amd64 JRE (17.0.13+11-LTS), built on Oct 11 2024 23:25:05 by "MicrosoftCorporation" with unknown MS VC++:1939

END.
