#
# There is insufficient memory for the Java Runtime Environment to continue.
# Native memory allocation (mmap) failed to map 266338304 bytes. Error detail: G1 virtual space
# Possible reasons:
#   The system is out of physical RAM or swap space
#   This process is running with CompressedOops enabled, and the Java Heap may be blocking the growth of the native heap
# Possible solutions:
#   Reduce memory load on the system
#   Increase physical memory or swap space
#   Check if swap backing store is full
#   Decrease Java heap size (-Xmx/-Xms)
#   Decrease number of Java threads
#   Decrease Java thread stack sizes (-Xss)
#   Set larger code cache with -XX:ReservedCodeCacheSize=
#   JVM is running with Zero Based Compressed Oops mode in which the Java heap is
#     placed in the first 32GB address space. The Java Heap base address is the
#     maximum limit for the native heap growth. Please use -XX:HeapBaseMinAddress
#     to set the Java Heap base and to place the Java Heap above 32GB virtual address.
# This output file may be truncated or incomplete.
#
#  Out of Memory Error (os_windows.cpp:3679), pid=4524, tid=18188
#
# JRE version:  (17.0.13+11) (build )
# Java VM: OpenJDK 64-Bit Server VM (17.0.13+11-LTS, mixed mode, sharing, tiered, compressed oops, compressed class ptrs, g1 gc, windows-amd64)
# No core dump will be written. Minidumps are not enabled by default on client versions of Windows
#

---------------  S U M M A R Y ------------

Command Line: com.google.prefab.cli.AppKt --build-system cmake --platform android --abi arm64-v8a --os-version 24 --stl c++_shared --ndk-version 26 --output C:\\Users\\huzai\\AppData\\Local\\Temp\\agp-prefab-staging4584867996190445314\\staged-cli-output C:\\Users\\huzai\\.gradle\\caches\\8.10.2\\transforms\\1ae2c2bcce3cae52224b57e1fa01bdc7\\transformed\\react-android-0.76.5-debug\\prefab C:\\Users\\huzai\\.gradle\\caches\\8.10.2\\transforms\\63e182d7b2029c42e1f28f883e24b322\\transformed\\hermes-android-0.76.5-debug\\prefab C:\\Users\\huzai\\.gradle\\caches\\8.10.2\\transforms\\8b60b4f75564ac53567672df7a1c9a73\\transformed\\fbjni-0.6.0\\prefab

Host: Intel(R) Core(TM) i7-8650U CPU @ 1.90GHz, 8 cores, 15G,  Windows 11 , 64 bit Build 22621 (10.0.22621.4391)
Time: Mon Jan  6 13:18:57 2025 Pakistan Standard Time elapsed time: 0.651413 seconds (0d 0h 0m 0s)

---------------  T H R E A D  ---------------

Current thread (0x000001a4d6f42110):  JavaThread "Unknown thread" [_thread_in_vm, id=18188, stack(0x0000006d67a00000,0x0000006d67b00000)]

Stack: [0x0000006d67a00000,0x0000006d67b00000]
Native frames: (J=compiled Java code, j=interpreted, Vv=VM code, C=native code)
V  [jvm.dll+0x687fc9]
V  [jvm.dll+0x83eeb8]
V  [jvm.dll+0x840963]
V  [jvm.dll+0x840fd3]
V  [jvm.dll+0x24951f]
V  [jvm.dll+0x684f89]
V  [jvm.dll+0x6794aa]
V  [jvm.dll+0x30ad27]
V  [jvm.dll+0x312296]
V  [jvm.dll+0x362bde]
V  [jvm.dll+0x362e1d]
V  [jvm.dll+0x2e1fbc]
V  [jvm.dll+0x2e2ed4]
V  [jvm.dll+0x810dbb]
V  [jvm.dll+0x3708f1]
V  [jvm.dll+0x7ef8af]
V  [jvm.dll+0x3f70ef]
V  [jvm.dll+0x3f8c21]
C  [jli.dll+0x52a0]
C  [ucrtbase.dll+0x29333]
C  [KERNEL32.DLL+0x1259d]
C  [ntdll.dll+0x5af38]


---------------  P R O C E S S  ---------------

Threads class SMR info:
_java_thread_list=0x00007ff977b9df98, length=0, elements={
}

Java Threads: ( => current thread )

Other Threads:
  0x000001a4d6fafed0 GCTaskThread "GC Thread#0" [stack: 0x0000006d67b00000,0x0000006d67c00000] [id=12788]
  0x000001a4d6fc1bb0 ConcurrentGCThread "G1 Main Marker" [stack: 0x0000006d67c00000,0x0000006d67d00000] [id=4852]
  0x000001a4d6fc25d0 ConcurrentGCThread "G1 Conc#0" [stack: 0x0000006d67d00000,0x0000006d67e00000] [id=6452]

[error occurred during error reporting (printing all threads), id 0xc0000005, EXCEPTION_ACCESS_VIOLATION (0xc0000005) at pc=0x00007ff977352b17]

VM state: not at safepoint (not fully initialized)

VM Mutex/Monitor currently owned by a thread:  ([mutex/lock_event])
[0x000001a4d6f3c3e0] Heap_lock - owner thread: 0x000001a4d6f42110

Heap address: 0x0000000702800000, size: 4056 MB, Compressed Oops mode: Zero based, Oop shift amount: 3

CDS archive(s) mapped at: [0x0000000000000000-0x0000000000000000-0x0000000000000000), size 0, SharedBaseAddress: 0x0000000800000000, ArchiveRelocationMode: 1.
Narrow klass base: 0x0000000000000000, Narrow klass shift: 0, Narrow klass range: 0x0

GC Precious Log:
<Empty>

Heap:
 garbage-first heap   total 0K, used 0K [0x0000000702800000, 0x0000000800000000)
  region size 2048K, 0 young (0K), 0 survivors (0K)

[error occurred during error reporting (printing heap information), id 0xc0000005, EXCEPTION_ACCESS_VIOLATION (0xc0000005) at pc=0x00007ff977741ba9]

GC Heap History (0 events):
No events

Dll operation events (1 events):
Event: 0.319 Loaded shared library C:\Program Files\Microsoft\jdk-17.0.13.11-hotspot\bin\java.dll

Deoptimization events (0 events):
No events

Classes loaded (0 events):
No events

Classes unloaded (0 events):
No events

Classes redefined (0 events):
No events

Internal exceptions (0 events):
No events

VM Operations (0 events):
No events

Memory protections (0 events):
No events

Nmethod flushes (0 events):
No events

Events (0 events):
No events


Dynamic libraries:
0x00007ff6007d0000 - 0x00007ff6007de000 	C:\Program Files\Microsoft\jdk-17.0.13.11-hotspot\bin\java.exe
0x00007ff9f07b0000 - 0x00007ff9f09c7000 	C:\WINDOWS\SYSTEM32\ntdll.dll
0x00007ff9ee9b0000 - 0x00007ff9eea74000 	C:\WINDOWS\System32\KERNEL32.DLL
0x00007ff9ede10000 - 0x00007ff9ee1c9000 	C:\WINDOWS\System32\KERNELBASE.dll
0x00007ff9edab0000 - 0x00007ff9edbc1000 	C:\WINDOWS\System32\ucrtbase.dll
0x00007ff9b9fc0000 - 0x00007ff9b9fd7000 	C:\Program Files\Microsoft\jdk-17.0.13.11-hotspot\bin\jli.dll
0x00007ff9f00b0000 - 0x00007ff9f025e000 	C:\WINDOWS\System32\USER32.dll
0x00007ff9ee250000 - 0x00007ff9ee276000 	C:\WINDOWS\System32\win32u.dll
0x00007ff9eeb20000 - 0x00007ff9eeb49000 	C:\WINDOWS\System32\GDI32.dll
0x00007ff9ee3b0000 - 0x00007ff9ee4cb000 	C:\WINDOWS\System32\gdi32full.dll
0x00007ff9edd70000 - 0x00007ff9ede0a000 	C:\WINDOWS\System32\msvcp_win.dll
0x00007ff9b9fa0000 - 0x00007ff9b9fbd000 	C:\Program Files\Microsoft\jdk-17.0.13.11-hotspot\bin\VCRUNTIME140.dll
0x00007ff9d6240000 - 0x00007ff9d64d2000 	C:\WINDOWS\WinSxS\amd64_microsoft.windows.common-controls_6595b64144ccf1df_6.0.22621.4391_none_2715d37f73803e96\COMCTL32.dll
0x00007ff9f06c0000 - 0x00007ff9f0767000 	C:\WINDOWS\System32\msvcrt.dll
0x00007ff9eea80000 - 0x00007ff9eeab1000 	C:\WINDOWS\System32\IMM32.DLL
0x00007ff9e6330000 - 0x00007ff9e633c000 	C:\Program Files\Microsoft\jdk-17.0.13.11-hotspot\bin\vcruntime140_1.dll
0x00007ff97ddd0000 - 0x00007ff97de5d000 	C:\Program Files\Microsoft\jdk-17.0.13.11-hotspot\bin\msvcp140.dll
0x00007ff977060000 - 0x00007ff977cd1000 	C:\Program Files\Microsoft\jdk-17.0.13.11-hotspot\bin\server\jvm.dll
0x00007ff9ef610000 - 0x00007ff9ef6c2000 	C:\WINDOWS\System32\ADVAPI32.dll
0x00007ff9ee4e0000 - 0x00007ff9ee587000 	C:\WINDOWS\System32\sechost.dll
0x00007ff9edd40000 - 0x00007ff9edd68000 	C:\WINDOWS\System32\bcrypt.dll
0x00007ff9f05a0000 - 0x00007ff9f06b4000 	C:\WINDOWS\System32\RPCRT4.dll
0x00007ff9ef530000 - 0x00007ff9ef5a1000 	C:\WINDOWS\System32\WS2_32.dll
0x00007ff9ec900000 - 0x00007ff9ec94d000 	C:\WINDOWS\SYSTEM32\POWRPROF.dll
0x00007ff9e6c50000 - 0x00007ff9e6c84000 	C:\WINDOWS\SYSTEM32\WINMM.dll
0x00007ff9ec150000 - 0x00007ff9ec15a000 	C:\WINDOWS\SYSTEM32\VERSION.dll
0x00007ff9ec8e0000 - 0x00007ff9ec8f3000 	C:\WINDOWS\SYSTEM32\UMPDC.dll
0x00007ff9ecba0000 - 0x00007ff9ecbb8000 	C:\WINDOWS\SYSTEM32\kernel.appcore.dll
0x00007ff9e79e0000 - 0x00007ff9e79ea000 	C:\Program Files\Microsoft\jdk-17.0.13.11-hotspot\bin\jimage.dll
0x00007ff9eb0c0000 - 0x00007ff9eb2f2000 	C:\WINDOWS\SYSTEM32\DBGHELP.DLL
0x00007ff9eed20000 - 0x00007ff9ef0af000 	C:\WINDOWS\System32\combase.dll
0x00007ff9ee820000 - 0x00007ff9ee8f7000 	C:\WINDOWS\System32\OLEAUT32.dll
0x00007ff9c9ee0000 - 0x00007ff9c9f12000 	C:\WINDOWS\SYSTEM32\dbgcore.DLL
0x00007ff9ee1d0000 - 0x00007ff9ee24b000 	C:\WINDOWS\System32\bcryptPrimitives.dll
0x00007ff9c1e60000 - 0x00007ff9c1e85000 	C:\Program Files\Microsoft\jdk-17.0.13.11-hotspot\bin\java.dll

dbghelp: loaded successfully - version: 4.0.5 - missing functions: none
symbol engine: initialized successfully - sym options: 0x614 - pdb path: .;C:\Program Files\Microsoft\jdk-17.0.13.11-hotspot\bin;C:\WINDOWS\SYSTEM32;C:\WINDOWS\WinSxS\amd64_microsoft.windows.common-controls_6595b64144ccf1df_6.0.22621.4391_none_2715d37f73803e96;C:\Program Files\Microsoft\jdk-17.0.13.11-hotspot\bin\server

VM Arguments:
java_command: com.google.prefab.cli.AppKt --build-system cmake --platform android --abi arm64-v8a --os-version 24 --stl c++_shared --ndk-version 26 --output C:\\Users\\huzai\\AppData\\Local\\Temp\\agp-prefab-staging4584867996190445314\\staged-cli-output C:\\Users\\huzai\\.gradle\\caches\\8.10.2\\transforms\\1ae2c2bcce3cae52224b57e1fa01bdc7\\transformed\\react-android-0.76.5-debug\\prefab C:\\Users\\huzai\\.gradle\\caches\\8.10.2\\transforms\\63e182d7b2029c42e1f28f883e24b322\\transformed\\hermes-android-0.76.5-debug\\prefab C:\\Users\\huzai\\.gradle\\caches\\8.10.2\\transforms\\8b60b4f75564ac53567672df7a1c9a73\\transformed\\fbjni-0.6.0\\prefab
java_class_path (initial): C:\\Users\\huzai\\.gradle\\caches\\modules-2\\files-2.1\\com.google.prefab\\cli\\2.1.0\\aa32fec809c44fa531f01dcfb739b5b3304d3050\\cli-2.1.0-all.jar
Launcher Type: SUN_STANDARD

[Global flags]
     intx CICompilerCount                          = 4                                         {product} {ergonomic}
     uint ConcGCThreads                            = 2                                         {product} {ergonomic}
     uint G1ConcRefinementThreads                  = 8                                         {product} {ergonomic}
   size_t G1HeapRegionSize                         = 2097152                                   {product} {ergonomic}
    uintx GCDrainStackTargetSize                   = 64                                        {product} {ergonomic}
   size_t InitialHeapSize                          = 266338304                                 {product} {ergonomic}
   size_t MarkStackSize                            = 4194304                                   {product} {ergonomic}
   size_t MaxHeapSize                              = 4253024256                                {product} {ergonomic}
   size_t MinHeapDeltaBytes                        = 2097152                                   {product} {ergonomic}
   size_t MinHeapSize                              = 8388608                                   {product} {ergonomic}
    uintx NonNMethodCodeHeapSize                   = 5839372                                {pd product} {ergonomic}
    uintx NonProfiledCodeHeapSize                  = 122909434                              {pd product} {ergonomic}
    uintx ProfiledCodeHeapSize                     = 122909434                              {pd product} {ergonomic}
    uintx ReservedCodeCacheSize                    = 251658240                              {pd product} {ergonomic}
     bool SegmentedCodeCache                       = true                                      {product} {ergonomic}
   size_t SoftMaxHeapSize                          = 4253024256                             {manageable} {ergonomic}
     bool UseCompressedClassPointers               = true                           {product lp64_product} {ergonomic}
     bool UseCompressedOops                        = true                           {product lp64_product} {ergonomic}
     bool UseG1GC                                  = true                                      {product} {ergonomic}
     bool UseLargePagesIndividualAllocation        = false                                  {pd product} {ergonomic}

Logging:
Log output configuration:
 #0: stdout all=warning uptime,level,tags
 #1: stderr all=off uptime,level,tags

Environment Variables:
JAVA_HOME=C:\Program Files\Microsoft\jdk-17.0.13.11-hotspot\
CLASSPATH=D:\native\MyWallet\android\\gradle\wrapper\gradle-wrapper.jar
PATH=C:\Users\huzai\AppData\Local\Temp\yarn--1736151445077-0.9300643941342306;D:\native\MyWallet\node_modules\.bin;C:\Users\huzai\AppData\Local\Yarn\Data\link\node_modules\.bin;C:\Users\huzai\AppData\Local\Yarn\bin;C:\Program Files\libexec\lib\node_modules\npm\bin\node-gyp-bin;C:\Program Files\lib\node_modules\npm\bin\node-gyp-bin;C:\Program Files\nodejs\node_modules\npm\bin\node-gyp-bin;C:\Program Files\Microsoft\jdk-17.0.13.11-hotspot\bin;C:\WINDOWS\system32;C:\WINDOWS;C:\WINDOWS\System32\Wbem;C:\WINDOWS\System32\WindowsPowerShell\v1.0\;C:\WINDOWS\System32\OpenSSH\;C:\Program Files\Intel\WiFi\bin\;C:\Program Files\Common Files\Intel\WirelessCommon\;C:\ProgramData\chocolatey\bin;C:\Program Files\nodejs\;%LOCALAPPDATA%\Android\Sdk\platform-tools;C:\Program Files\Git\cmd;C:\Users\huzai\AppData\Local\Android\Sdk\platform-tools;C:\Users\huzai\AppData\Local\Microsoft\WindowsApps;C:\Program Files\Intel\WiFi\bin\;C:\Program Files\Common Files\Intel\WirelessCommon\;C:\Users\huzai\AppData\Roaming\npm;C:\Users\huzai\AppData\Local\Android\Sdk\platform-tools;C:\Users\huzai\AppData\Local\Programs\Microsoft VS Code\bin;C:\Users\huzai\AppData\Local\Android\Sdk\platform-tools;
USERNAME=huzai
LANG=en_US.UTF-8
OS=Windows_NT
PROCESSOR_IDENTIFIER=Intel64 Family 6 Model 142 Stepping 10, GenuineIntel
TMP=C:\Users\huzai\AppData\Local\Temp
TEMP=C:\Users\huzai\AppData\Local\Temp



Periodic native trim disabled


---------------  S Y S T E M  ---------------

OS:
 Windows 11 , 64 bit Build 22621 (10.0.22621.4391)
OS uptime: 4 days 0:15 hours
Hyper-V role detected

CPU: total 8 (initial active 8) (4 cores per cpu, 2 threads per core) family 6 model 142 stepping 10 microcode 0xf4, cx8, cmov, fxsr, ht, mmx, 3dnowpref, sse, sse2, sse3, ssse3, sse4.1, sse4.2, popcnt, lzcnt, tsc, tscinvbit, avx, avx2, aes, erms, clmul, bmi1, bmi2, rtm, adx, fma, vzeroupper, clflush, clflushopt, hv
Processor Information for the first 8 processors :
  Max Mhz: 2112, Current Mhz: 1910, Mhz Limit: 1900

Memory: 4k page, system-wide physical 16222M (3874M free)
TotalPageFile size 16222M (AvailPageFile size 62M)
current process WorkingSet (physical memory assigned to process): 11M, peak: 11M
current process commit charge ("private bytes"): 60M, peak: 314M

vm_info: OpenJDK 64-Bit Server VM (17.0.13+11-LTS) for windows-amd64 JRE (17.0.13+11-LTS), built on Oct 11 2024 23:25:05 by "MicrosoftCorporation" with unknown MS VC++:1939

END.
